[12:04:58] [Render thread/INFO] [JMLogger] JourneyMap log initialized.
[12:04:58] [Render thread/INFO] [JourneymapClient] initialize ENTER
[12:04:58] [Render thread/INFO] [ClientAPI] [ClientAPI] built with JourneyMap API 2.0.0-SNAPSHOT
[12:04:58] [Render thread/INFO] [PluginHelper] Initializing plugins with Client API: journeymap.api.client.impl.ClientAPI
[12:04:58] [Render thread/INFO] [PluginHelper] Initialized IClientPlugin: journeymap.api.plugins.LoadedChunkOverlayPlugin
[12:04:58] [Render thread/WARN] [PropertiesBase] core (Initialized) Bad configField entry during updateFrom(): optionsManagerViewed=null
[12:04:58] [Render thread/INFO] [?] Version: JourneyMap 1.21.11-6.0.0-beta.53, built with forge 0.139.4+1.21.11
forge: 61.0.2
Environment: os.name, os.arch, java.version, user.country, user.language=null, game language=en_us, locale=en_us
SP: : Main : 
MP: : offline : 
Features: 
	RadarPlayers : singleplayer = true , multiplayer = true
	RadarAnimals : singleplayer = true , multiplayer = true
	RadarMobs : singleplayer = true , multiplayer = true
	RadarVillagers : singleplayer = true , multiplayer = true
	MapTopo : singleplayer = true , multiplayer = true
	MapSurface : singleplayer = true , multiplayer = true
	MapCaves : singleplayer = true , multiplayer = true
	MapBiome : singleplayer = true , multiplayer = true
MiniMapProperties{state=Valid, file=journeymap.minimap.config, configVersion=6.0.0-beta.53, infoSlotTimeFormat=HH:mm:ss, zoomLevel=256, compassFontScale=1.0, infoSlotFontScale=1.0, terrainAlpha=100, showEntityNames=false, showPassiveNames=false, positionX=0.9, positionY=0.25, effectVertical=false, showPlayerHeading=true, sizePercent=30, playerDisplayScale=1.0, showDayNight=true, showPets=true, showPlayerNames=true, preferredMapType=day, showCompass=true, showNpcNames=false, mobDisplay=jm.common.entity_display.dots_and_outlined_icons, showHostileNames=false, systemTimeRealFormat=HH:mm:ss, shape=jm.minimap.shape_circle, showSelf=true, showVillagerNames=false, selfDisplayScale=1.0, showGrid=true, reticleOrientation=jm.minimap.orientation.compass, minimapLockedMapType=jm.common.map_type.auto, effectTranslateX=0, info3LabelPosition=jm.minimap.info_slot.bottom, showWaypoints=true, info2LabelPosition=jm.minimap.info_slot.top, minimapKeyMovementSpeed=0.001, info1LabelPosition=jm.minimap.info_slot.top, showAnimals=true, infoSlotAlpha=0.7, effectTranslateY=0, showWaypointLabels=true, showAmbientNames=false, moveEffectIcons=true, showTeamNames=true, position=jm.minimap.position_topright, fontScale=1.0, info4LabelPosition=jm.minimap.info_slot.bottom, showPlayers=true, waypointIconScale=1.0, frameAlpha=100, effectReversed=false, backgroundAlpha=0.8, enabled=true, showVillagers=true, info2Label=jm.theme.labelsource.gametime, info3Label=jm.theme.labelsource.location, caveLayer=4, showMobs=true, waypointLabelScale=1.0, showReticle=true, orientation=jm.minimap.orientation.north, info4Label=jm.theme.labelsource.biome, locationFormat=xzyv, playerDisplay=jm.common.entity_display.outlined_icons, mobDisplayScale=1.0, showOffScreenPlayers=true, showCaves=true, hideEffectIcons=false, showMobHeading=true, locationFormatVerbose=true, showAmbientCreatures=false, showPetNames=false, info1Label=jm.theme.labelsource.blank, showNoIconNames=true}
MiniMapProperties{state=Valid, file=journeymap.minimap2.config, configVersion=6.0.0-beta.53, infoSlotTimeFormat=HH:mm:ss, zoomLevel=512, compassFontScale=1.0, infoSlotFontScale=1.0, terrainAlpha=100, showEntityNames=false, showPassiveNames=false, positionX=0.9, positionY=0.25, effectVertical=false, showPlayerHeading=true, sizePercent=30, playerDisplayScale=1.0, showDayNight=true, showPets=true, showPlayerNames=true, preferredMapType=day, showCompass=true, showNpcNames=false, mobDisplay=jm.common.entity_display.dots_and_outlined_icons, showHostileNames=false, systemTimeRealFormat=HH:mm:ss, shape=jm.minimap.shape_rectangle, showSelf=true, showVillagerNames=false, selfDisplayScale=1.0, showGrid=true, reticleOrientation=jm.minimap.orientation.compass, minimapLockedMapType=jm.common.map_type.auto, effectTranslateX=0, info3LabelPosition=jm.minimap.info_slot.bottom, showWaypoints=true, info2LabelPosition=jm.minimap.info_slot.top, minimapKeyMovementSpeed=0.001, info1LabelPosition=jm.minimap.info_slot.top, showAnimals=true, infoSlotAlpha=0.7, effectTranslateY=0, showWaypointLabels=true, showAmbientNames=false, moveEffectIcons=true, showTeamNames=true, position=jm.minimap.position_topright, fontScale=1.0, info4LabelPosition=jm.minimap.info_slot.bottom, showPlayers=true, waypointIconScale=1.0, frameAlpha=100, effectReversed=false, backgroundAlpha=0.8, enabled=true, showVillagers=true, info2Label=jm.theme.labelsource.gametime, info3Label=jm.theme.labelsource.location, caveLayer=4, showMobs=true, waypointLabelScale=1.0, showReticle=true, orientation=jm.minimap.orientation.north, info4Label=jm.theme.labelsource.biome, locationFormat=xzyv, playerDisplay=jm.common.entity_display.outlined_icons, mobDisplayScale=1.0, showOffScreenPlayers=true, showCaves=true, hideEffectIcons=false, showMobHeading=true, locationFormatVerbose=true, showAmbientCreatures=false, showPetNames=false, info1Label=jm.theme.labelsource.blank, showNoIconNames=true}
FullMapProperties{state=Valid, file=journeymap.fullmap.config, configVersion=6.0.0-beta.53, zoomLevel=512, minimalMode=false, showPlayers=true, waypointIconScale=1.0, showEntityNames=false, showPassiveNames=false, showPlayerHeading=true, showVillagers=true, showPlayerLoc=true, showKeys=true, playerDisplayScale=1.0, showMobs=true, showPets=true, waypointLabelScale=1.0, showPlayerNames=true, preferredMapType=day, showNpcNames=false, mobDisplay=jm.common.entity_display.dots_and_outlined_icons, showHostileNames=false, showSelf=true, locationFormat=xzyv, playerDisplay=jm.common.entity_display.outlined_icons, showVillagerNames=false, mobDisplayScale=1.0, selfDisplayScale=1.0, showOffScreenPlayers=true, showGrid=true, showMouseLoc=true, showWaypoints=true, showCaves=true, showThemeButton=true, showAnimals=true, showMobHeading=true, showWaypointLabels=true, locationFormatVerbose=true, showAmbientNames=false, showAmbientCreatures=false, showTeamNames=true, showPetNames=false, fontScale=1.0, showNoIconNames=true}
WaypointProperties{state=Valid, file=journeymap.waypoint.config, configVersion=6.0.0-beta.53, autoRemoveDeathpointDistance=2, showPlayers=false, dateFormat=MM-dd-yyyy, autoHideIconAngle=5, autoRemoveDeathpoints=false, autoHideIcon=false, autoHideLabelAngle=5, displayOnLocatorBar=false, renderWaypointsWorld=true, showDeleteConfirmation=true, managerDimensionFocus=false, fullscreenDoubleClickToCreate=true, minDistance=4, coordinatesFormat=XZY, boldLabel=false, disableShare=false, showDeathpointlabel=true, textureSmall=true, useActionsButton=false, beaconEnabled=true, createDeathpoints=true, disableStrikeThrough=false, renderWaypointsMap=true, showName=true, maxDistance=0, ignoreRenderDistance=false, autoHideLabel=true, autoRemoveTempWaypoints=2, teleportCommand=/execute in {dim} run tp {name} {x} {y} {z}, showStaticBeam=true, renderWaypoints=true, wholeNumberTeleportCoords=false, timeFormat=HH:mm:ss, shaderBeacon=false, showDistance=true, showRotatingBeam=true, fontScale=2.0, managerEnabled=true}
WebMapProperties{state=Valid, file=journeymap.webmap.config, configVersion=6.0.0-beta.53, port=8080, enabled=false}
CoreProperties{state=Valid, file=journeymap.core.config, configVersion=6.0.0-beta.53, maxPlayersData=32, mapSurfaceAboveCaves=true, dataCachingEnabled=true, maxAmbientCreaturesData=32, optionsManagerViewed=null, announceMod=true, ignoreSnow=false, colorPassive=#bbbbbb, colorPassiveLabel=#bbbbbb, mapShadows=true, mapBlendWater=true, playerIconFade=true, renderDistanceSurfaceMax=0, seedId=false, colorPetLabel=#0077ff, radarVerticalDistance=16, mapBlendGrass=true, recordCacheStats=false, hideSneakingEntities=true, initialSortOrder=Name, colorPlayerLabel=#ffffff, revealShape=jm.minimap.shape_circle, mapBiome=true, caveShader=jm.common.map_filter.default, mipmapLevels=0, colorVillagerLabel=#88e188, alwaysMapSurface=false, biomeShader=jm.common.map_filter.default, colorVillager=#88e188, mapPlants=false, colorPet=#0077ff, sortDescending=true, radarLateralDistance=64, mapBathymetry=false, mapCrops=true, maxMobsData=32, dayShader=jm.common.map_filter.default, mapPlantShadows=false, alwaysMapCaves=false, checkUpdates=true, colorHostileLabel=#ff0000, mapBlendFoliage=true, topoMax=0, hideSpectators=false, mappingEnabled=true, colorPlayer=#ffffff, cacheVillagersData=2200, logLevel=INFO, maxVillagersData=32, mapWaterBiomeColors=true, maxAnimalsData=32, mapTransparency=true, caveBlackAsClear=false, caveModeThreshold=2, legacyIcons=false, netherShader=jm.common.map_filter.default, caveIgnoreGlass=true, mapTopography=true, renderDistanceCaveMax=0, mapAntialiasing=true, colorSelf=#0000ff, cachePlayersData=2000, mapOnlyPlayerChunk=false, nightShader=jm.common.map_filter.default, cacheMobsData=3000, cachePlayerData=1000, splashViewed=6.0.0-beta.53, colorHostile=#ff0000, topoShader=jm.common.map_filter.default, allowMiniMapBehindScreens=true, cacheAnimalsData=3100, ignoreHeightmaps=false, themeName=Purist, mapCaveLighting=true, renderDelay=2, mobIconFade=true, serverIp=false, glErrorChecking=false, autoMapPoll=2000}
[12:04:59] [Render thread/INFO] [JourneymapClient] initialize EXIT, elapsed count 1 avg 374.89ms
[12:05:01] [Render thread/INFO] [JourneymapClientForge] Journeymap PostInit
[12:05:02] [Render thread/INFO] [ThemeLoader] Preloaded theme textures: 73
[12:05:02] [Render thread/INFO] [JourneymapClient] postInitialize EXIT, elapsed count 1 avg 1065.58ms
[12:05:10] [Render thread/INFO] [ColorPalette] Color palette file generated for 0 blockstates in 9ms for: Default Palette
[12:05:33] [Render thread/INFO] [TextureCache] [JourneyMap]: Purging Theme Images
[12:05:33] [Render thread/INFO] [TextureCache] [JourneyMap]: Purging Region Images
[12:05:33] [Render thread/INFO] [TextureCache] [JourneyMap]: Purging Mob Icon Images
[12:05:33] [Render thread/INFO] [WaypointHandler] Resetting Waypoints and Groups.
[12:05:33] [Render thread/INFO] [WaypointStore] Loaded 0 waypoints from disk.
[12:05:33] [Render thread/INFO] [WaypointGroupStore] Loaded 4 waypoint groups from disk.
[12:05:33] [Server thread/INFO] [ForgeConfig] Loading JourneyMap Forge Configs
[12:05:40] [Render thread/INFO] [InternalStateHandler] Connection initiated with Journeymap Server: true
[12:05:40] [Render thread/INFO] [InternalStateHandler] Teleport Enabled: false
[12:05:40] [Render thread/INFO] [InternalStateHandler] Expanded Radar Enabled: true
[12:05:40] [Render thread/INFO] [InternalStateHandler] Server Admin Enabled: false
[12:05:40] [Render thread/INFO] [InternalStateHandler] Server set show in-game beacons: true
[12:05:40] [Render thread/INFO] [InternalStateHandler] Server set waypoints allowed: true
[12:05:40] [Render thread/INFO] [InternalStateHandler] Server set Server Admin read only mode: true
[12:05:40] [Render thread/INFO] [InternalStateHandler] Server set maxSurfaceRenderDistance to: 0
[12:05:40] [Render thread/INFO] [InternalStateHandler] Server setmaxCaveRenderDistance to: 0
[12:05:40] [Render thread/INFO] [InternalStateHandler] Server set allow mutliplayer options: true
[12:05:40] [Render thread/INFO] [InternalStateHandler] Server set allow rightClickTeleport options: true
[12:05:40] [Render thread/INFO] [InternalStateHandler] Server set allow radarLateralDistance options: 512
[12:05:40] [Render thread/INFO] [InternalStateHandler] Server set allow radarVerticalDistance options: 320
[12:05:40] [Render thread/INFO] [InternalStateHandler] Server set allow maxAnimalsData options: 128
[12:05:40] [Render thread/INFO] [InternalStateHandler] Server set allow maxAmbientCreaturesData options: 128
[12:05:40] [Render thread/INFO] [InternalStateHandler] Server set allow maxMobsData options: 128
[12:05:40] [Render thread/INFO] [InternalStateHandler] Server set allow maxPlayersData options: 128
[12:05:40] [Render thread/INFO] [InternalStateHandler] Server set allow maxVillagersData options: 128
[12:05:40] [Render thread/INFO] [InternalStateHandler] Server set allow playerRadarNamesEnabled options: true
[12:05:40] [Render thread/INFO] [InternalStateHandler] Server set allow minimapEnabled options: true
[12:05:40] [Render thread/INFO] [InternalStateHandler] Server set allow hideCoordinates options: false
[12:05:40] [Render thread/INFO] [InternalStateHandler] Connection initiated with Journeymap Server: true
[12:05:40] [Render thread/INFO] [InternalStateHandler] Teleport Enabled: false
[12:05:40] [Render thread/INFO] [InternalStateHandler] Expanded Radar Enabled: true
[12:05:40] [Render thread/INFO] [InternalStateHandler] Server Admin Enabled: false
[12:05:40] [Render thread/INFO] [InternalStateHandler] Server set show in-game beacons: true
[12:05:40] [Render thread/INFO] [InternalStateHandler] Server set waypoints allowed: true
[12:05:40] [Render thread/INFO] [InternalStateHandler] Server set Server Admin read only mode: true
[12:05:40] [Render thread/INFO] [InternalStateHandler] Server set maxSurfaceRenderDistance to: 0
[12:05:40] [Render thread/INFO] [InternalStateHandler] Server setmaxCaveRenderDistance to: 0
[12:05:40] [Render thread/INFO] [InternalStateHandler] Server set allow mutliplayer options: true
[12:05:40] [Render thread/INFO] [InternalStateHandler] Server set allow rightClickTeleport options: true
[12:05:40] [Render thread/INFO] [InternalStateHandler] Server set allow radarLateralDistance options: 512
[12:05:40] [Render thread/INFO] [InternalStateHandler] Server set allow radarVerticalDistance options: 320
[12:05:40] [Render thread/INFO] [InternalStateHandler] Server set allow maxAnimalsData options: 128
[12:05:40] [Render thread/INFO] [InternalStateHandler] Server set allow maxAmbientCreaturesData options: 128
[12:05:40] [Render thread/INFO] [InternalStateHandler] Server set allow maxMobsData options: 128
[12:05:40] [Render thread/INFO] [InternalStateHandler] Server set allow maxPlayersData options: 128
[12:05:40] [Render thread/INFO] [InternalStateHandler] Server set allow maxVillagersData options: 128
[12:05:40] [Render thread/INFO] [InternalStateHandler] Server set allow playerRadarNamesEnabled options: true
[12:05:40] [Render thread/INFO] [InternalStateHandler] Server set allow minimapEnabled options: true
[12:05:40] [Render thread/INFO] [InternalStateHandler] Server set allow hideCoordinates options: false
[12:05:41] [Render thread/INFO] [ModBlockDelegate] Custom modded block handling enabled for biomesoplenty
[12:05:42] [Render thread/WARN] [PropertiesBase] core (Initialized) Bad configField entry during updateFrom(): optionsManagerViewed=null
[12:05:42] [Render thread/INFO] [WaypointHandler] Resetting Waypoints and Groups.
[12:05:42] [Render thread/INFO] [WaypointStore] Loaded 0 waypoints from disk.
[12:05:42] [Render thread/INFO] [WaypointGroupStore] Loaded 4 waypoint groups from disk.
[12:05:42] [Render thread/INFO] [LegacyWaypointFileMigrator] 0 Legacy waypoints found that need to be migrated and backed up.
[12:05:42] [Render thread/INFO] [ColorPalette] Color palette file generated for 0 blockstates in 1ms for: C:\Users\Ben\curseforge\minecraft\Instances\A\journeymap\colorpalette.json
[12:05:42] [Render thread/INFO] [ColorPalette] Color palette file generated for 0 blockstates in 1ms for: C:\Users\Ben\curseforge\minecraft\Instances\A\journeymap\data\sp\Main\colorpalette.json
[12:05:42] [Render thread/INFO] [JourneymapClient] Mapping started in C:\Users\Ben\curseforge\minecraft\Instances\A\journeymap\data\sp\Main\overworld. Memory: 1518MB total, 677MB free 
[12:05:42] [Render thread/INFO] [ChatLog] JourneyMap: Press [J]
[12:05:42] [Render thread/INFO] [InternalStateHandler] Connection initiated with Journeymap Server: true
[12:05:42] [Render thread/INFO] [InternalStateHandler] Teleport Enabled: false
[12:05:42] [Render thread/INFO] [InternalStateHandler] Expanded Radar Enabled: true
[12:05:42] [Render thread/INFO] [InternalStateHandler] Server Admin Enabled: false
[12:05:42] [Render thread/INFO] [InternalStateHandler] Server set show in-game beacons: true
[12:05:42] [Render thread/INFO] [InternalStateHandler] Server set waypoints allowed: true
[12:05:42] [Render thread/INFO] [InternalStateHandler] Server set Server Admin read only mode: true
[12:05:42] [Render thread/INFO] [InternalStateHandler] Server set maxSurfaceRenderDistance to: 0
[12:05:42] [Render thread/INFO] [InternalStateHandler] Server setmaxCaveRenderDistance to: 0
[12:05:42] [Render thread/INFO] [InternalStateHandler] Server set allow mutliplayer options: true
[12:05:42] [Render thread/INFO] [InternalStateHandler] Server set allow rightClickTeleport options: true
[12:05:42] [Render thread/INFO] [InternalStateHandler] Server set allow radarLateralDistance options: 512
[12:05:42] [Render thread/INFO] [InternalStateHandler] Server set allow radarVerticalDistance options: 320
[12:05:42] [Render thread/INFO] [InternalStateHandler] Server set allow maxAnimalsData options: 128
[12:05:42] [Render thread/INFO] [InternalStateHandler] Server set allow maxAmbientCreaturesData options: 128
[12:05:42] [Render thread/INFO] [InternalStateHandler] Server set allow maxMobsData options: 128
[12:05:42] [Render thread/INFO] [InternalStateHandler] Server set allow maxPlayersData options: 128
[12:05:42] [Render thread/INFO] [InternalStateHandler] Server set allow maxVillagersData options: 128
[12:05:42] [Render thread/INFO] [InternalStateHandler] Server set allow playerRadarNamesEnabled options: true
[12:05:42] [Render thread/INFO] [InternalStateHandler] Server set allow minimapEnabled options: true
[12:05:42] [Render thread/INFO] [InternalStateHandler] Server set allow hideCoordinates options: false
[12:06:11] [Server thread/INFO] [JourneyMapTeleport] HoneyBadger75315 teleported to 587.0 78.0 -422.0 minecraft:overworld
[12:08:54] [Render thread/INFO] [JourneymapClient] Mapping halted in C:\Users\Ben\curseforge\minecraft\Instances\A\journeymap\data\sp\Main\minecraft:overworld
[12:08:54] [Render thread/INFO] [InternalStateHandler] Connection initiated with Journeymap Server: true
[12:08:54] [Render thread/INFO] [InternalStateHandler] Teleport Enabled: false
[12:08:54] [Render thread/INFO] [InternalStateHandler] Expanded Radar Enabled: true
[12:08:54] [Render thread/INFO] [InternalStateHandler] Server Admin Enabled: false
[12:08:54] [Render thread/INFO] [InternalStateHandler] Server set show in-game beacons: true
[12:08:54] [Render thread/INFO] [InternalStateHandler] Server set waypoints allowed: true
[12:08:54] [Render thread/INFO] [InternalStateHandler] Server set Server Admin read only mode: true
[12:08:54] [Render thread/INFO] [InternalStateHandler] Server set maxSurfaceRenderDistance to: 0
[12:08:54] [Render thread/INFO] [InternalStateHandler] Server setmaxCaveRenderDistance to: 0
[12:08:54] [Render thread/INFO] [InternalStateHandler] Server set allow mutliplayer options: true
[12:08:54] [Render thread/INFO] [InternalStateHandler] Server set allow rightClickTeleport options: true
[12:08:54] [Render thread/INFO] [InternalStateHandler] Server set allow radarLateralDistance options: 512
[12:08:54] [Render thread/INFO] [InternalStateHandler] Server set allow radarVerticalDistance options: 320
[12:08:54] [Render thread/INFO] [InternalStateHandler] Server set allow maxAnimalsData options: 128
[12:08:54] [Render thread/INFO] [InternalStateHandler] Server set allow maxAmbientCreaturesData options: 128
[12:08:54] [Render thread/INFO] [InternalStateHandler] Server set allow maxMobsData options: 128
[12:08:54] [Render thread/INFO] [InternalStateHandler] Server set allow maxPlayersData options: 128
[12:08:54] [Render thread/INFO] [InternalStateHandler] Server set allow maxVillagersData options: 128
[12:08:54] [Render thread/INFO] [InternalStateHandler] Server set allow playerRadarNamesEnabled options: true
[12:08:54] [Render thread/INFO] [InternalStateHandler] Server set allow minimapEnabled options: true
[12:08:54] [Render thread/INFO] [InternalStateHandler] Server set allow hideCoordinates options: false
[12:08:55] [Render thread/WARN] [RegionTexture] Can't bind texture: 
java.lang.NullPointerException: Cannot invoke "com.mojang.blaze3d.opengl.GlTexture.glId()" because "this.texture" is null
	at TRANSFORMER/journeymap@1.21.11-6.0.0-beta.53/journeymap.client.texture.RegionTexture.bindRegionTexture(RegionTexture.java:87)
	at TRANSFORMER/journeymap@1.21.11-6.0.0-beta.53/journeymap.client.texture.RegionTexture.bind(RegionTexture.java:64)
	at TRANSFORMER/journeymap@1.21.11-6.0.0-beta.53/journeymap.client.render.map.RegionTile.updateRegionTexture(RegionTile.java:171)
	at TRANSFORMER/journeymap@1.21.11-6.0.0-beta.53/journeymap.client.render.map.RegionTile.render(RegionTile.java:58)
	at TRANSFORMER/journeymap@1.21.11-6.0.0-beta.53/journeymap.client.render.map.MapRenderer.lambda$render$4(MapRenderer.java:247)
	at TRANSFORMER/journeymap@1.21.11-6.0.0-beta.53/journeymap.client.render.pip.RegionTilePipRenderer.render(RegionTilePipRenderer.java:17)
	at TRANSFORMER/journeymap@1.21.11-6.0.0-beta.53/journeymap.client.render.pip.RegionTilePipRenderer.render(RegionTilePipRenderer.java:6)
	at TRANSFORMER/journeymap@1.21.11-6.0.0-beta.53/journeymap.client.render.pip.AbstractMapPipRenderer.renderToTexture(AbstractMapPipRenderer.java:41)
	at TRANSFORMER/journeymap@1.21.11-6.0.0-beta.53/journeymap.client.render.pip.AbstractMapPipRenderer.renderToTexture(AbstractMapPipRenderer.java:19)
	at TRANSFORMER/minecraft@1.21.11/net.minecraft.client.gui.render.pip.PictureInPictureRenderer.prepare(PictureInPictureRenderer.java:57)
	at TRANSFORMER/minecraft@1.21.11/net.minecraft.client.gui.render.GuiRenderer.preparePictureInPictureState(GuiRenderer.java:418)
	at TRANSFORMER/minecraft@1.21.11/net.minecraft.client.gui.render.GuiRenderer.lambda$preparePictureInPicture$6(GuiRenderer.java:412)
	at TRANSFORMER/minecraft@1.21.11/net.minecraft.client.gui.render.state.GuiRenderState.lambda$forEachPictureInPicture$3(GuiRenderState.java:209)
	at TRANSFORMER/minecraft@1.21.11/net.minecraft.client.gui.render.state.GuiRenderState.traverse(GuiRenderState.java:244)
	at TRANSFORMER/minecraft@1.21.11/net.minecraft.client.gui.render.state.GuiRenderState.traverse(GuiRenderState.java:246)
	at TRANSFORMER/minecraft@1.21.11/net.minecraft.client.gui.render.state.GuiRenderState.traverse(GuiRenderState.java:239)
	at TRANSFORMER/minecraft@1.21.11/net.minecraft.client.gui.render.state.GuiRenderState.forEachPictureInPicture(GuiRenderState.java:205)
	at TRANSFORMER/minecraft@1.21.11/net.minecraft.client.gui.render.GuiRenderer.preparePictureInPicture(GuiRenderer.java:412)
	at TRANSFORMER/minecraft@1.21.11/net.minecraft.client.gui.render.GuiRenderer.prepare(GuiRenderer.java:185)
	at TRANSFORMER/minecraft@1.21.11/net.minecraft.client.gui.render.GuiRenderer.render(GuiRenderer.java:150)
	at TRANSFORMER/minecraft@1.21.11/net.minecraft.client.renderer.GameRenderer.render(GameRenderer.java:587)
	at TRANSFORMER/minecraft@1.21.11/net.minecraft.client.Minecraft.runTick(Minecraft.java:1313)
	at TRANSFORMER/minecraft@1.21.11/net.minecraft.client.Minecraft.run(Minecraft.java:893)
	at TRANSFORMER/minecraft@1.21.11/net.minecraft.client.main.Main.main(Main.java:223)
	at java.base/jdk.internal.reflect.DirectMethodHandleAccessor.invoke(Unknown Source)
	at java.base/java.lang.reflect.Method.invoke(Unknown Source)
	at SECURE-BOOTSTRAP/net.minecraftforge.fmlloader@1.21.11-61.0.2/net.minecraftforge.fml.loading.targets.CommonLaunchHandler.runTarget(CommonLaunchHandler.java:96)
	at SECURE-BOOTSTRAP/net.minecraftforge.fmlloader@1.21.11-61.0.2/net.minecraftforge.fml.loading.targets.CommonLaunchHandler.lambda$makeService$0(CommonLaunchHandler.java:79)
	at SECURE-BOOTSTRAP/cpw.mods.modlauncher@10.2.4/cpw.mods.modlauncher.LaunchServiceHandler.launch(LaunchServiceHandler.java:77)
	at SECURE-BOOTSTRAP/cpw.mods.modlauncher@10.2.4/cpw.mods.modlauncher.LaunchServiceHandler.launch(LaunchServiceHandler.java:97)
	at SECURE-BOOTSTRAP/cpw.mods.modlauncher@10.2.4/cpw.mods.modlauncher.Launcher.run(Launcher.java:116)
	at SECURE-BOOTSTRAP/cpw.mods.modlauncher@10.2.4/cpw.mods.modlauncher.Launcher.main(Launcher.java:75)
	at SECURE-BOOTSTRAP/cpw.mods.modlauncher@10.2.4/cpw.mods.modlauncher.BootstrapEntry.main(BootstrapEntry.java:17)
	at net.minecraftforge.bootstrap@2.1.7/net.minecraftforge.bootstrap.Bootstrap.moduleMain(Bootstrap.java:188)
	at java.base/jdk.internal.reflect.DirectMethodHandleAccessor.invoke(Unknown Source)
	at java.base/java.lang.reflect.Method.invoke(Unknown Source)
	at net.minecraftforge.bootstrap.Bootstrap.bootstrapMain(Bootstrap.java:133)
	at net.minecraftforge.bootstrap.Bootstrap.start(Bootstrap.java:53)
	at net.minecraftforge.bootstrap.ForgeBootstrap.main(ForgeBootstrap.java:19)
[12:08:55] [Render thread/WARN] [RegionTexture] Can't bind texture: 
java.lang.NullPointerException: Cannot invoke "com.mojang.blaze3d.opengl.GlTexture.glId()" because "this.texture" is null
	at TRANSFORMER/journeymap@1.21.11-6.0.0-beta.53/journeymap.client.texture.RegionTexture.bindRegionTexture(RegionTexture.java:87)
	at TRANSFORMER/journeymap@1.21.11-6.0.0-beta.53/journeymap.client.texture.RegionTexture.bind(RegionTexture.java:64)
	at TRANSFORMER/journeymap@1.21.11-6.0.0-beta.53/journeymap.client.render.map.RegionTile.updateRegionTexture(RegionTile.java:171)
	at TRANSFORMER/journeymap@1.21.11-6.0.0-beta.53/journeymap.client.render.map.RegionTile.render(RegionTile.java:58)
	at TRANSFORMER/journeymap@1.21.11-6.0.0-beta.53/journeymap.client.render.map.MapRenderer.lambda$render$4(MapRenderer.java:247)
	at TRANSFORMER/journeymap@1.21.11-6.0.0-beta.53/journeymap.client.render.pip.RegionTilePipRenderer.render(RegionTilePipRenderer.java:17)
	at TRANSFORMER/journeymap@1.21.11-6.0.0-beta.53/journeymap.client.render.pip.RegionTilePipRenderer.render(RegionTilePipRenderer.java:6)
	at TRANSFORMER/journeymap@1.21.11-6.0.0-beta.53/journeymap.client.render.pip.AbstractMapPipRenderer.renderToTexture(AbstractMapPipRenderer.java:41)
	at TRANSFORMER/journeymap@1.21.11-6.0.0-beta.53/journeymap.client.render.pip.AbstractMapPipRenderer.renderToTexture(AbstractMapPipRenderer.java:19)
	at TRANSFORMER/minecraft@1.21.11/net.minecraft.client.gui.render.pip.PictureInPictureRenderer.prepare(PictureInPictureRenderer.java:57)
	at TRANSFORMER/minecraft@1.21.11/net.minecraft.client.gui.render.GuiRenderer.preparePictureInPictureState(GuiRenderer.java:418)
	at TRANSFORMER/minecraft@1.21.11/net.minecraft.client.gui.render.GuiRenderer.lambda$preparePictureInPicture$6(GuiRenderer.java:412)
	at TRANSFORMER/minecraft@1.21.11/net.minecraft.client.gui.render.state.GuiRenderState.lambda$forEachPictureInPicture$3(GuiRenderState.java:209)
	at TRANSFORMER/minecraft@1.21.11/net.minecraft.client.gui.render.state.GuiRenderState.traverse(GuiRenderState.java:244)
	at TRANSFORMER/minecraft@1.21.11/net.minecraft.client.gui.render.state.GuiRenderState.traverse(GuiRenderState.java:246)
	at TRANSFORMER/minecraft@1.21.11/net.minecraft.client.gui.render.state.GuiRenderState.traverse(GuiRenderState.java:239)
	at TRANSFORMER/minecraft@1.21.11/net.minecraft.client.gui.render.state.GuiRenderState.forEachPictureInPicture(GuiRenderState.java:205)
	at TRANSFORMER/minecraft@1.21.11/net.minecraft.client.gui.render.GuiRenderer.preparePictureInPicture(GuiRenderer.java:412)
	at TRANSFORMER/minecraft@1.21.11/net.minecraft.client.gui.render.GuiRenderer.prepare(GuiRenderer.java:185)
	at TRANSFORMER/minecraft@1.21.11/net.minecraft.client.gui.render.GuiRenderer.render(GuiRenderer.java:150)
	at TRANSFORMER/minecraft@1.21.11/net.minecraft.client.renderer.GameRenderer.render(GameRenderer.java:587)
	at TRANSFORMER/minecraft@1.21.11/net.minecraft.client.Minecraft.runTick(Minecraft.java:1313)
	at TRANSFORMER/minecraft@1.21.11/net.minecraft.client.Minecraft.run(Minecraft.java:893)
	at TRANSFORMER/minecraft@1.21.11/net.minecraft.client.main.Main.main(Main.java:223)
	at java.base/jdk.internal.reflect.DirectMethodHandleAccessor.invoke(Unknown Source)
	at java.base/java.lang.reflect.Method.invoke(Unknown Source)
	at SECURE-BOOTSTRAP/net.minecraftforge.fmlloader@1.21.11-61.0.2/net.minecraftforge.fml.loading.targets.CommonLaunchHandler.runTarget(CommonLaunchHandler.java:96)
	at SECURE-BOOTSTRAP/net.minecraftforge.fmlloader@1.21.11-61.0.2/net.minecraftforge.fml.loading.targets.CommonLaunchHandler.lambda$makeService$0(CommonLaunchHandler.java:79)
	at SECURE-BOOTSTRAP/cpw.mods.modlauncher@10.2.4/cpw.mods.modlauncher.LaunchServiceHandler.launch(LaunchServiceHandler.java:77)
	at SECURE-BOOTSTRAP/cpw.mods.modlauncher@10.2.4/cpw.mods.modlauncher.LaunchServiceHandler.launch(LaunchServiceHandler.java:97)
	at SECURE-BOOTSTRAP/cpw.mods.modlauncher@10.2.4/cpw.mods.modlauncher.Launcher.run(Launcher.java:116)
	at SECURE-BOOTSTRAP/cpw.mods.modlauncher@10.2.4/cpw.mods.modlauncher.Launcher.main(Launcher.java:75)
	at SECURE-BOOTSTRAP/cpw.mods.modlauncher@10.2.4/cpw.mods.modlauncher.BootstrapEntry.main(BootstrapEntry.java:17)
	at net.minecraftforge.bootstrap@2.1.7/net.minecraftforge.bootstrap.Bootstrap.moduleMain(Bootstrap.java:188)
	at java.base/jdk.internal.reflect.DirectMethodHandleAccessor.invoke(Unknown Source)
	at java.base/java.lang.reflect.Method.invoke(Unknown Source)
	at net.minecraftforge.bootstrap.Bootstrap.bootstrapMain(Bootstrap.java:133)
	at net.minecraftforge.bootstrap.Bootstrap.start(Bootstrap.java:53)
	at net.minecraftforge.bootstrap.ForgeBootstrap.main(ForgeBootstrap.java:19)
[12:08:55] [Render thread/WARN] [RegionTexture] Can't bind texture: 
java.lang.NullPointerException: Cannot invoke "com.mojang.blaze3d.opengl.GlTexture.glId()" because "this.texture" is null
	at TRANSFORMER/journeymap@1.21.11-6.0.0-beta.53/journeymap.client.texture.RegionTexture.bindRegionTexture(RegionTexture.java:87)
	at TRANSFORMER/journeymap@1.21.11-6.0.0-beta.53/journeymap.client.texture.RegionTexture.bind(RegionTexture.java:64)
	at TRANSFORMER/journeymap@1.21.11-6.0.0-beta.53/journeymap.client.render.map.RegionTile.updateRegionTexture(RegionTile.java:171)
	at TRANSFORMER/journeymap@1.21.11-6.0.0-beta.53/journeymap.client.render.map.RegionTile.render(RegionTile.java:58)
	at TRANSFORMER/journeymap@1.21.11-6.0.0-beta.53/journeymap.client.render.map.MapRenderer.lambda$render$4(MapRenderer.java:247)
	at TRANSFORMER/journeymap@1.21.11-6.0.0-beta.53/journeymap.client.render.pip.RegionTilePipRenderer.render(RegionTilePipRenderer.java:17)
	at TRANSFORMER/journeymap@1.21.11-6.0.0-beta.53/journeymap.client.render.pip.RegionTilePipRenderer.render(RegionTilePipRenderer.java:6)
	at TRANSFORMER/journeymap@1.21.11-6.0.0-beta.53/journeymap.client.render.pip.AbstractMapPipRenderer.renderToTexture(AbstractMapPipRenderer.java:41)
	at TRANSFORMER/journeymap@1.21.11-6.0.0-beta.53/journeymap.client.render.pip.AbstractMapPipRenderer.renderToTexture(AbstractMapPipRenderer.java:19)
	at TRANSFORMER/minecraft@1.21.11/net.minecraft.client.gui.render.pip.PictureInPictureRenderer.prepare(PictureInPictureRenderer.java:57)
	at TRANSFORMER/minecraft@1.21.11/net.minecraft.client.gui.render.GuiRenderer.preparePictureInPictureState(GuiRenderer.java:418)
	at TRANSFORMER/minecraft@1.21.11/net.minecraft.client.gui.render.GuiRenderer.lambda$preparePictureInPicture$6(GuiRenderer.java:412)
	at TRANSFORMER/minecraft@1.21.11/net.minecraft.client.gui.render.state.GuiRenderState.lambda$forEachPictureInPicture$3(GuiRenderState.java:209)
	at TRANSFORMER/minecraft@1.21.11/net.minecraft.client.gui.render.state.GuiRenderState.traverse(GuiRenderState.java:244)
	at TRANSFORMER/minecraft@1.21.11/net.minecraft.client.gui.render.state.GuiRenderState.traverse(GuiRenderState.java:246)
	at TRANSFORMER/minecraft@1.21.11/net.minecraft.client.gui.render.state.GuiRenderState.traverse(GuiRenderState.java:239)
	at TRANSFORMER/minecraft@1.21.11/net.minecraft.client.gui.render.state.GuiRenderState.forEachPictureInPicture(GuiRenderState.java:205)
	at TRANSFORMER/minecraft@1.21.11/net.minecraft.client.gui.render.GuiRenderer.preparePictureInPicture(GuiRenderer.java:412)
	at TRANSFORMER/minecraft@1.21.11/net.minecraft.client.gui.render.GuiRenderer.prepare(GuiRenderer.java:185)
	at TRANSFORMER/minecraft@1.21.11/net.minecraft.client.gui.render.GuiRenderer.render(GuiRenderer.java:150)
	at TRANSFORMER/minecraft@1.21.11/net.minecraft.client.renderer.GameRenderer.render(GameRenderer.java:587)
	at TRANSFORMER/minecraft@1.21.11/net.minecraft.client.Minecraft.runTick(Minecraft.java:1313)
	at TRANSFORMER/minecraft@1.21.11/net.minecraft.client.Minecraft.run(Minecraft.java:893)
	at TRANSFORMER/minecraft@1.21.11/net.minecraft.client.main.Main.main(Main.java:223)
	at java.base/jdk.internal.reflect.DirectMethodHandleAccessor.invoke(Unknown Source)
	at java.base/java.lang.reflect.Method.invoke(Unknown Source)
	at SECURE-BOOTSTRAP/net.minecraftforge.fmlloader@1.21.11-61.0.2/net.minecraftforge.fml.loading.targets.CommonLaunchHandler.runTarget(CommonLaunchHandler.java:96)
	at SECURE-BOOTSTRAP/net.minecraftforge.fmlloader@1.21.11-61.0.2/net.minecraftforge.fml.loading.targets.CommonLaunchHandler.lambda$makeService$0(CommonLaunchHandler.java:79)
	at SECURE-BOOTSTRAP/cpw.mods.modlauncher@10.2.4/cpw.mods.modlauncher.LaunchServiceHandler.launch(LaunchServiceHandler.java:77)
	at SECURE-BOOTSTRAP/cpw.mods.modlauncher@10.2.4/cpw.mods.modlauncher.LaunchServiceHandler.launch(LaunchServiceHandler.java:97)
	at SECURE-BOOTSTRAP/cpw.mods.modlauncher@10.2.4/cpw.mods.modlauncher.Launcher.run(Launcher.java:116)
	at SECURE-BOOTSTRAP/cpw.mods.modlauncher@10.2.4/cpw.mods.modlauncher.Launcher.main(Launcher.java:75)
	at SECURE-BOOTSTRAP/cpw.mods.modlauncher@10.2.4/cpw.mods.modlauncher.BootstrapEntry.main(BootstrapEntry.java:17)
	at net.minecraftforge.bootstrap@2.1.7/net.minecraftforge.bootstrap.Bootstrap.moduleMain(Bootstrap.java:188)
	at java.base/jdk.internal.reflect.DirectMethodHandleAccessor.invoke(Unknown Source)
	at java.base/java.lang.reflect.Method.invoke(Unknown Source)
	at net.minecraftforge.bootstrap.Bootstrap.bootstrapMain(Bootstrap.java:133)
	at net.minecraftforge.bootstrap.Bootstrap.start(Bootstrap.java:53)
	at net.minecraftforge.bootstrap.ForgeBootstrap.main(ForgeBootstrap.java:19)
[12:08:55] [Render thread/WARN] [RegionTexture] Can't bind texture: 
java.lang.NullPointerException: Cannot invoke "com.mojang.blaze3d.opengl.GlTexture.glId()" because "this.texture" is null
	at TRANSFORMER/journeymap@1.21.11-6.0.0-beta.53/journeymap.client.texture.RegionTexture.bindRegionTexture(RegionTexture.java:87)
	at TRANSFORMER/journeymap@1.21.11-6.0.0-beta.53/journeymap.client.texture.RegionTexture.bind(RegionTexture.java:64)
	at TRANSFORMER/journeymap@1.21.11-6.0.0-beta.53/journeymap.client.render.map.RegionTile.updateRegionTexture(RegionTile.java:171)
	at TRANSFORMER/journeymap@1.21.11-6.0.0-beta.53/journeymap.client.render.map.RegionTile.render(RegionTile.java:58)
	at TRANSFORMER/journeymap@1.21.11-6.0.0-beta.53/journeymap.client.render.map.MapRenderer.lambda$render$4(MapRenderer.java:247)
	at TRANSFORMER/journeymap@1.21.11-6.0.0-beta.53/journeymap.client.render.pip.RegionTilePipRenderer.render(RegionTilePipRenderer.java:17)
	at TRANSFORMER/journeymap@1.21.11-6.0.0-beta.53/journeymap.client.render.pip.RegionTilePipRenderer.render(RegionTilePipRenderer.java:6)
	at TRANSFORMER/journeymap@1.21.11-6.0.0-beta.53/journeymap.client.render.pip.AbstractMapPipRenderer.renderToTexture(AbstractMapPipRenderer.java:41)
	at TRANSFORMER/journeymap@1.21.11-6.0.0-beta.53/journeymap.client.render.pip.AbstractMapPipRenderer.renderToTexture(AbstractMapPipRenderer.java:19)
	at TRANSFORMER/minecraft@1.21.11/net.minecraft.client.gui.render.pip.PictureInPictureRenderer.prepare(PictureInPictureRenderer.java:57)
	at TRANSFORMER/minecraft@1.21.11/net.minecraft.client.gui.render.GuiRenderer.preparePictureInPictureState(GuiRenderer.java:418)
	at TRANSFORMER/minecraft@1.21.11/net.minecraft.client.gui.render.GuiRenderer.lambda$preparePictureInPicture$6(GuiRenderer.java:412)
	at TRANSFORMER/minecraft@1.21.11/net.minecraft.client.gui.render.state.GuiRenderState.lambda$forEachPictureInPicture$3(GuiRenderState.java:209)
	at TRANSFORMER/minecraft@1.21.11/net.minecraft.client.gui.render.state.GuiRenderState.traverse(GuiRenderState.java:244)
	at TRANSFORMER/minecraft@1.21.11/net.minecraft.client.gui.render.state.GuiRenderState.traverse(GuiRenderState.java:246)
	at TRANSFORMER/minecraft@1.21.11/net.minecraft.client.gui.render.state.GuiRenderState.traverse(GuiRenderState.java:239)
	at TRANSFORMER/minecraft@1.21.11/net.minecraft.client.gui.render.state.GuiRenderState.forEachPictureInPicture(GuiRenderState.java:205)
	at TRANSFORMER/minecraft@1.21.11/net.minecraft.client.gui.render.GuiRenderer.preparePictureInPicture(GuiRenderer.java:412)
	at TRANSFORMER/minecraft@1.21.11/net.minecraft.client.gui.render.GuiRenderer.prepare(GuiRenderer.java:185)
	at TRANSFORMER/minecraft@1.21.11/net.minecraft.client.gui.render.GuiRenderer.render(GuiRenderer.java:150)
	at TRANSFORMER/minecraft@1.21.11/net.minecraft.client.renderer.GameRenderer.render(GameRenderer.java:587)
	at TRANSFORMER/minecraft@1.21.11/net.minecraft.client.Minecraft.runTick(Minecraft.java:1313)
	at TRANSFORMER/minecraft@1.21.11/net.minecraft.client.Minecraft.run(Minecraft.java:893)
	at TRANSFORMER/minecraft@1.21.11/net.minecraft.client.main.Main.main(Main.java:223)
	at java.base/jdk.internal.reflect.DirectMethodHandleAccessor.invoke(Unknown Source)
	at java.base/java.lang.reflect.Method.invoke(Unknown Source)
	at SECURE-BOOTSTRAP/net.minecraftforge.fmlloader@1.21.11-61.0.2/net.minecraftforge.fml.loading.targets.CommonLaunchHandler.runTarget(CommonLaunchHandler.java:96)
	at SECURE-BOOTSTRAP/net.minecraftforge.fmlloader@1.21.11-61.0.2/net.minecraftforge.fml.loading.targets.CommonLaunchHandler.lambda$makeService$0(CommonLaunchHandler.java:79)
	at SECURE-BOOTSTRAP/cpw.mods.modlauncher@10.2.4/cpw.mods.modlauncher.LaunchServiceHandler.launch(LaunchServiceHandler.java:77)
	at SECURE-BOOTSTRAP/cpw.mods.modlauncher@10.2.4/cpw.mods.modlauncher.LaunchServiceHandler.launch(LaunchServiceHandler.java:97)
	at SECURE-BOOTSTRAP/cpw.mods.modlauncher@10.2.4/cpw.mods.modlauncher.Launcher.run(Launcher.java:116)
	at SECURE-BOOTSTRAP/cpw.mods.modlauncher@10.2.4/cpw.mods.modlauncher.Launcher.main(Launcher.java:75)
	at SECURE-BOOTSTRAP/cpw.mods.modlauncher@10.2.4/cpw.mods.modlauncher.BootstrapEntry.main(BootstrapEntry.java:17)
	at net.minecraftforge.bootstrap@2.1.7/net.minecraftforge.bootstrap.Bootstrap.moduleMain(Bootstrap.java:188)
	at java.base/jdk.internal.reflect.DirectMethodHandleAccessor.invoke(Unknown Source)
	at java.base/java.lang.reflect.Method.invoke(Unknown Source)
	at net.minecraftforge.bootstrap.Bootstrap.bootstrapMain(Bootstrap.java:133)
	at net.minecraftforge.bootstrap.Bootstrap.start(Bootstrap.java:53)
	at net.minecraftforge.bootstrap.ForgeBootstrap.main(ForgeBootstrap.java:19)
[12:08:55] [Render thread/WARN] [RegionTexture] Can't bind texture: 
java.lang.NullPointerException: Cannot invoke "com.mojang.blaze3d.opengl.GlTexture.glId()" because "this.texture" is null
	at TRANSFORMER/journeymap@1.21.11-6.0.0-beta.53/journeymap.client.texture.RegionTexture.bindRegionTexture(RegionTexture.java:87)
	at TRANSFORMER/journeymap@1.21.11-6.0.0-beta.53/journeymap.client.texture.RegionTexture.bind(RegionTexture.java:64)
	at TRANSFORMER/journeymap@1.21.11-6.0.0-beta.53/journeymap.client.render.map.RegionTile.updateRegionTexture(RegionTile.java:171)
	at TRANSFORMER/journeymap@1.21.11-6.0.0-beta.53/journeymap.client.render.map.RegionTile.render(RegionTile.java:58)
	at TRANSFORMER/journeymap@1.21.11-6.0.0-beta.53/journeymap.client.render.map.MapRenderer.lambda$render$4(MapRenderer.java:247)
	at TRANSFORMER/journeymap@1.21.11-6.0.0-beta.53/journeymap.client.render.pip.RegionTilePipRenderer.render(RegionTilePipRenderer.java:17)
	at TRANSFORMER/journeymap@1.21.11-6.0.0-beta.53/journeymap.client.render.pip.RegionTilePipRenderer.render(RegionTilePipRenderer.java:6)
	at TRANSFORMER/journeymap@1.21.11-6.0.0-beta.53/journeymap.client.render.pip.AbstractMapPipRenderer.renderToTexture(AbstractMapPipRenderer.java:41)
	at TRANSFORMER/journeymap@1.21.11-6.0.0-beta.53/journeymap.client.render.pip.AbstractMapPipRenderer.renderToTexture(AbstractMapPipRenderer.java:19)
	at TRANSFORMER/minecraft@1.21.11/net.minecraft.client.gui.render.pip.PictureInPictureRenderer.prepare(PictureInPictureRenderer.java:57)
	at TRANSFORMER/minecraft@1.21.11/net.minecraft.client.gui.render.GuiRenderer.preparePictureInPictureState(GuiRenderer.java:418)
	at TRANSFORMER/minecraft@1.21.11/net.minecraft.client.gui.render.GuiRenderer.lambda$preparePictureInPicture$6(GuiRenderer.java:412)
	at TRANSFORMER/minecraft@1.21.11/net.minecraft.client.gui.render.state.GuiRenderState.lambda$forEachPictureInPicture$3(GuiRenderState.java:209)
	at TRANSFORMER/minecraft@1.21.11/net.minecraft.client.gui.render.state.GuiRenderState.traverse(GuiRenderState.java:244)
	at TRANSFORMER/minecraft@1.21.11/net.minecraft.client.gui.render.state.GuiRenderState.traverse(GuiRenderState.java:246)
	at TRANSFORMER/minecraft@1.21.11/net.minecraft.client.gui.render.state.GuiRenderState.traverse(GuiRenderState.java:239)
	at TRANSFORMER/minecraft@1.21.11/net.minecraft.client.gui.render.state.GuiRenderState.forEachPictureInPicture(GuiRenderState.java:205)
	at TRANSFORMER/minecraft@1.21.11/net.minecraft.client.gui.render.GuiRenderer.preparePictureInPicture(GuiRenderer.java:412)
	at TRANSFORMER/minecraft@1.21.11/net.minecraft.client.gui.render.GuiRenderer.prepare(GuiRenderer.java:185)
	at TRANSFORMER/minecraft@1.21.11/net.minecraft.client.gui.render.GuiRenderer.render(GuiRenderer.java:150)
	at TRANSFORMER/minecraft@1.21.11/net.minecraft.client.renderer.GameRenderer.render(GameRenderer.java:587)
	at TRANSFORMER/minecraft@1.21.11/net.minecraft.client.Minecraft.runTick(Minecraft.java:1313)
	at TRANSFORMER/minecraft@1.21.11/net.minecraft.client.Minecraft.run(Minecraft.java:893)
	at TRANSFORMER/minecraft@1.21.11/net.minecraft.client.main.Main.main(Main.java:223)
	at java.base/jdk.internal.reflect.DirectMethodHandleAccessor.invoke(Unknown Source)
	at java.base/java.lang.reflect.Method.invoke(Unknown Source)
	at SECURE-BOOTSTRAP/net.minecraftforge.fmlloader@1.21.11-61.0.2/net.minecraftforge.fml.loading.targets.CommonLaunchHandler.runTarget(CommonLaunchHandler.java:96)
	at SECURE-BOOTSTRAP/net.minecraftforge.fmlloader@1.21.11-61.0.2/net.minecraftforge.fml.loading.targets.CommonLaunchHandler.lambda$makeService$0(CommonLaunchHandler.java:79)
	at SECURE-BOOTSTRAP/cpw.mods.modlauncher@10.2.4/cpw.mods.modlauncher.LaunchServiceHandler.launch(LaunchServiceHandler.java:77)
	at SECURE-BOOTSTRAP/cpw.mods.modlauncher@10.2.4/cpw.mods.modlauncher.LaunchServiceHandler.launch(LaunchServiceHandler.java:97)
	at SECURE-BOOTSTRAP/cpw.mods.modlauncher@10.2.4/cpw.mods.modlauncher.Launcher.run(Launcher.java:116)
	at SECURE-BOOTSTRAP/cpw.mods.modlauncher@10.2.4/cpw.mods.modlauncher.Launcher.main(Launcher.java:75)
	at SECURE-BOOTSTRAP/cpw.mods.modlauncher@10.2.4/cpw.mods.modlauncher.BootstrapEntry.main(BootstrapEntry.java:17)
	at net.minecraftforge.bootstrap@2.1.7/net.minecraftforge.bootstrap.Bootstrap.moduleMain(Bootstrap.java:188)
	at java.base/jdk.internal.reflect.DirectMethodHandleAccessor.invoke(Unknown Source)
	at java.base/java.lang.reflect.Method.invoke(Unknown Source)
	at net.minecraftforge.bootstrap.Bootstrap.bootstrapMain(Bootstrap.java:133)
	at net.minecraftforge.bootstrap.Bootstrap.start(Bootstrap.java:53)
	at net.minecraftforge.bootstrap.ForgeBootstrap.main(ForgeBootstrap.java:19)
[12:08:55] [Render thread/INFO] [WaypointHandler] Resetting Waypoints and Groups.
[12:08:55] [Render thread/INFO] [WaypointStore] Loaded 0 waypoints from disk.
[12:08:55] [Render thread/INFO] [WaypointGroupStore] Loaded 4 waypoint groups from disk.
[12:08:55] [Render thread/INFO] [LegacyWaypointFileMigrator] 0 Legacy waypoints found that need to be migrated and backed up.
[12:08:55] [Render thread/INFO] [ColorPalette] Color palette file generated for 0 blockstates in 1ms for: C:\Users\Ben\curseforge\minecraft\Instances\A\journeymap\colorpalette.json
[12:08:55] [Render thread/INFO] [ColorPalette] Color palette file generated for 0 blockstates in 1ms for: C:\Users\Ben\curseforge\minecraft\Instances\A\journeymap\data\sp\Main\colorpalette.json
[12:08:55] [Render thread/INFO] [JourneymapClient] Mapping started in C:\Users\Ben\curseforge\minecraft\Instances\A\journeymap\data\sp\Main\the_nether. Memory: 1576MB total, 323MB free 
[12:08:55] [Render thread/INFO] [InternalStateHandler] Connection initiated with Journeymap Server: true
[12:08:55] [Render thread/INFO] [InternalStateHandler] Teleport Enabled: false
[12:08:55] [Render thread/INFO] [InternalStateHandler] Expanded Radar Enabled: true
[12:08:55] [Render thread/INFO] [InternalStateHandler] Server Admin Enabled: false
[12:08:55] [Render thread/INFO] [InternalStateHandler] Server set show in-game beacons: true
[12:08:55] [Render thread/INFO] [InternalStateHandler] Server set waypoints allowed: true
[12:08:55] [Render thread/INFO] [InternalStateHandler] Server set Server Admin read only mode: true
[12:08:55] [Render thread/INFO] [InternalStateHandler] Server set maxSurfaceRenderDistance to: 0
[12:08:55] [Render thread/INFO] [InternalStateHandler] Server setmaxCaveRenderDistance to: 0
[12:08:55] [Render thread/INFO] [InternalStateHandler] Server set allow mutliplayer options: true
[12:08:55] [Render thread/INFO] [InternalStateHandler] Server set allow rightClickTeleport options: true
[12:08:55] [Render thread/INFO] [InternalStateHandler] Server set allow radarLateralDistance options: 512
[12:08:55] [Render thread/INFO] [InternalStateHandler] Server set allow radarVerticalDistance options: 320
[12:08:55] [Render thread/INFO] [InternalStateHandler] Server set allow maxAnimalsData options: 128
[12:08:55] [Render thread/INFO] [InternalStateHandler] Server set allow maxAmbientCreaturesData options: 128
[12:08:55] [Render thread/INFO] [InternalStateHandler] Server set allow maxMobsData options: 128
[12:08:55] [Render thread/INFO] [InternalStateHandler] Server set allow maxPlayersData options: 128
[12:08:55] [Render thread/INFO] [InternalStateHandler] Server set allow maxVillagersData options: 128
[12:08:55] [Render thread/INFO] [InternalStateHandler] Server set allow playerRadarNamesEnabled options: true
[12:08:55] [Render thread/INFO] [InternalStateHandler] Server set allow minimapEnabled options: true
[12:08:55] [Render thread/INFO] [InternalStateHandler] Server set allow hideCoordinates options: false
[12:09:15] [Render thread/INFO] [JourneymapClient] Mapping halted in C:\Users\Ben\curseforge\minecraft\Instances\A\journeymap\data\sp\Main\minecraft:the_nether
[12:09:16] [Render thread/INFO] [InternalStateHandler] Connection initiated with Journeymap Server: true
[12:09:16] [Render thread/INFO] [InternalStateHandler] Teleport Enabled: false
[12:09:16] [Render thread/INFO] [InternalStateHandler] Expanded Radar Enabled: true
[12:09:16] [Render thread/INFO] [InternalStateHandler] Server Admin Enabled: false
[12:09:16] [Render thread/INFO] [InternalStateHandler] Server set show in-game beacons: true
[12:09:16] [Render thread/INFO] [InternalStateHandler] Server set waypoints allowed: true
[12:09:16] [Render thread/INFO] [InternalStateHandler] Server set Server Admin read only mode: true
[12:09:16] [Render thread/INFO] [InternalStateHandler] Server set maxSurfaceRenderDistance to: 0
[12:09:16] [Render thread/INFO] [InternalStateHandler] Server setmaxCaveRenderDistance to: 0
[12:09:16] [Render thread/INFO] [InternalStateHandler] Server set allow mutliplayer options: true
[12:09:16] [Render thread/INFO] [InternalStateHandler] Server set allow rightClickTeleport options: true
[12:09:16] [Render thread/INFO] [InternalStateHandler] Server set allow radarLateralDistance options: 512
[12:09:16] [Render thread/INFO] [InternalStateHandler] Server set allow radarVerticalDistance options: 320
[12:09:16] [Render thread/INFO] [InternalStateHandler] Server set allow maxAnimalsData options: 128
[12:09:16] [Render thread/INFO] [InternalStateHandler] Server set allow maxAmbientCreaturesData options: 128
[12:09:16] [Render thread/INFO] [InternalStateHandler] Server set allow maxMobsData options: 128
[12:09:16] [Render thread/INFO] [InternalStateHandler] Server set allow maxPlayersData options: 128
[12:09:16] [Render thread/INFO] [InternalStateHandler] Server set allow maxVillagersData options: 128
[12:09:16] [Render thread/INFO] [InternalStateHandler] Server set allow playerRadarNamesEnabled options: true
[12:09:16] [Render thread/INFO] [InternalStateHandler] Server set allow minimapEnabled options: true
[12:09:16] [Render thread/INFO] [InternalStateHandler] Server set allow hideCoordinates options: false
[12:09:16] [Render thread/INFO] [WaypointHandler] Resetting Waypoints and Groups.
[12:09:16] [Render thread/INFO] [WaypointStore] Loaded 0 waypoints from disk.
[12:09:16] [Render thread/INFO] [WaypointGroupStore] Loaded 4 waypoint groups from disk.
[12:09:16] [Render thread/INFO] [LegacyWaypointFileMigrator] 0 Legacy waypoints found that need to be migrated and backed up.
[12:09:16] [Render thread/INFO] [ColorPalette] Color palette file generated for 0 blockstates in 1ms for: C:\Users\Ben\curseforge\minecraft\Instances\A\journeymap\colorpalette.json
[12:09:16] [Render thread/INFO] [ColorPalette] Color palette file generated for 0 blockstates in 1ms for: C:\Users\Ben\curseforge\minecraft\Instances\A\journeymap\data\sp\Main\colorpalette.json
[12:09:16] [Render thread/INFO] [JourneymapClient] Mapping started in C:\Users\Ben\curseforge\minecraft\Instances\A\journeymap\data\sp\Main\overworld. Memory: 1614MB total, 248MB free 
[12:09:16] [Render thread/INFO] [JourneymapClient] Mapping halted in C:\Users\Ben\curseforge\minecraft\Instances\A\journeymap\data\sp\Main\minecraft:overworld
[12:09:17] [Render thread/INFO] [WaypointHandler] Resetting Waypoints and Groups.
[12:09:17] [Render thread/INFO] [WaypointStore] Loaded 0 waypoints from disk.
[12:09:17] [Render thread/INFO] [WaypointGroupStore] Loaded 4 waypoint groups from disk.
[12:09:17] [Render thread/INFO] [LegacyWaypointFileMigrator] 0 Legacy waypoints found that need to be migrated and backed up.
[12:09:17] [Render thread/INFO] [JourneymapClient] Mapping started in C:\Users\Ben\curseforge\minecraft\Instances\A\journeymap\data\sp\Main\overworld. Memory: 1614MB total, 142MB free 
[12:09:17] [Render thread/INFO] [InternalStateHandler] Connection initiated with Journeymap Server: true
[12:09:17] [Render thread/INFO] [InternalStateHandler] Teleport Enabled: false
[12:09:17] [Render thread/INFO] [InternalStateHandler] Expanded Radar Enabled: true
[12:09:17] [Render thread/INFO] [InternalStateHandler] Server Admin Enabled: false
[12:09:17] [Render thread/INFO] [InternalStateHandler] Server set show in-game beacons: true
[12:09:17] [Render thread/INFO] [InternalStateHandler] Server set waypoints allowed: true
[12:09:17] [Render thread/INFO] [InternalStateHandler] Server set Server Admin read only mode: true
[12:09:17] [Render thread/INFO] [InternalStateHandler] Server set maxSurfaceRenderDistance to: 0
[12:09:17] [Render thread/INFO] [InternalStateHandler] Server setmaxCaveRenderDistance to: 0
[12:09:17] [Render thread/INFO] [InternalStateHandler] Server set allow mutliplayer options: true
[12:09:17] [Render thread/INFO] [InternalStateHandler] Server set allow rightClickTeleport options: true
[12:09:17] [Render thread/INFO] [InternalStateHandler] Server set allow radarLateralDistance options: 512
[12:09:17] [Render thread/INFO] [InternalStateHandler] Server set allow radarVerticalDistance options: 320
[12:09:17] [Render thread/INFO] [InternalStateHandler] Server set allow maxAnimalsData options: 128
[12:09:17] [Render thread/INFO] [InternalStateHandler] Server set allow maxAmbientCreaturesData options: 128
[12:09:17] [Render thread/INFO] [InternalStateHandler] Server set allow maxMobsData options: 128
[12:09:17] [Render thread/INFO] [InternalStateHandler] Server set allow maxPlayersData options: 128
[12:09:17] [Render thread/INFO] [InternalStateHandler] Server set allow maxVillagersData options: 128
[12:09:17] [Render thread/INFO] [InternalStateHandler] Server set allow playerRadarNamesEnabled options: true
[12:09:17] [Render thread/INFO] [InternalStateHandler] Server set allow minimapEnabled options: true
[12:09:17] [Render thread/INFO] [InternalStateHandler] Server set allow hideCoordinates options: false
[12:09:17] [Render thread/INFO] [InternalStateHandler] Connection initiated with Journeymap Server: true
[12:09:17] [Render thread/INFO] [InternalStateHandler] Teleport Enabled: false
[12:09:17] [Render thread/INFO] [InternalStateHandler] Expanded Radar Enabled: true
[12:09:17] [Render thread/INFO] [InternalStateHandler] Server Admin Enabled: false
[12:09:17] [Render thread/INFO] [InternalStateHandler] Server set show in-game beacons: true
[12:09:17] [Render thread/INFO] [InternalStateHandler] Server set waypoints allowed: true
[12:09:17] [Render thread/INFO] [InternalStateHandler] Server set Server Admin read only mode: true
[12:09:17] [Render thread/INFO] [InternalStateHandler] Server set maxSurfaceRenderDistance to: 0
[12:09:17] [Render thread/INFO] [InternalStateHandler] Server setmaxCaveRenderDistance to: 0
[12:09:17] [Render thread/INFO] [InternalStateHandler] Server set allow mutliplayer options: true
[12:09:17] [Render thread/INFO] [InternalStateHandler] Server set allow rightClickTeleport options: true
[12:09:17] [Render thread/INFO] [InternalStateHandler] Server set allow radarLateralDistance options: 512
[12:09:17] [Render thread/INFO] [InternalStateHandler] Server set allow radarVerticalDistance options: 320
[12:09:17] [Render thread/INFO] [InternalStateHandler] Server set allow maxAnimalsData options: 128
[12:09:17] [Render thread/INFO] [InternalStateHandler] Server set allow maxAmbientCreaturesData options: 128
[12:09:17] [Render thread/INFO] [InternalStateHandler] Server set allow maxMobsData options: 128
[12:09:17] [Render thread/INFO] [InternalStateHandler] Server set allow maxPlayersData options: 128
[12:09:17] [Render thread/INFO] [InternalStateHandler] Server set allow maxVillagersData options: 128
[12:09:17] [Render thread/INFO] [InternalStateHandler] Server set allow playerRadarNamesEnabled options: true
[12:09:17] [Render thread/INFO] [InternalStateHandler] Server set allow minimapEnabled options: true
[12:09:17] [Render thread/INFO] [InternalStateHandler] Server set allow hideCoordinates options: false
[12:20:27] [Server thread/INFO] [JourneyMapTeleport] HoneyBadger75315 teleported to 578.0 60.0 -418.0 minecraft:overworld
[13:31:05] [Server thread/INFO] [JourneyMapTeleport] HoneyBadger75315 teleported to 583.0 84.0 -451.0 minecraft:overworld
[13:31:27] [Server thread/INFO] [JourneyMapTeleport] HoneyBadger75315 teleported to 586.5 84.0 -450.5 minecraft:overworld
[13:33:21] [Server thread/INFO] [JourneyMapTeleport] HoneyBadger75315 teleported to 116.0 -6.0 -951.0 minecraft:overworld
[13:33:31] [Server thread/INFO] [JourneyMapTeleport] HoneyBadger75315 teleported to 336.0 -6.0 -1127.0 minecraft:overworld
[13:33:32] [Server thread/INFO] [JourneyMapTeleport] HoneyBadger75315 teleported to 726.0 139.0 -641.0 minecraft:overworld
[13:33:33] [Server thread/INFO] [JourneyMapTeleport] HoneyBadger75315 teleported to 72.0 -8.0 -897.0 minecraft:overworld
[13:33:33] [Server thread/INFO] [JourneyMapTeleport] HoneyBadger75315 teleported to 768.0 73.0 -481.0 minecraft:overworld
[13:47:26] [Render thread/INFO] [DeathPointHandler] HoneyBadger75315 died at BlockPos{x=-61, y=74, z=-898}. Deathpoints enabled: true. Deathpoint created: true
[13:47:26] [Render thread/WARN] [StatTimer] MiniMap1.Circle is not running.
[13:47:26] [Render thread/WARN] [StatTimer] MiniMap1.Circle is not running.
[13:47:26] [Render thread/WARN] [StatTimer] MiniMap1.Circle is not running.
[13:47:26] [Render thread/WARN] [StatTimer] MiniMap1.Circle is not running.
[13:47:26] [Render thread/WARN] [StatTimer] MiniMap1.Circle is not running.
[13:47:26] [Render thread/WARN] [StatTimer] MiniMap1.Circle is not running.
[13:47:26] [Render thread/WARN] [StatTimer] MiniMap1.Circle is not running.
[13:47:26] [Render thread/WARN] [StatTimer] MiniMap1.Circle is not running.
[13:47:26] [Render thread/WARN] [StatTimer] MiniMap1.Circle is not running.
[13:47:26] [Render thread/WARN] [StatTimer] MiniMap1.Circle is not running.
[13:47:26] [Render thread/WARN] [StatTimer] MiniMap1.Circle is not running.
[13:47:26] [Render thread/WARN] [StatTimer] MiniMap1.Circle is not running.
[13:47:26] [Render thread/WARN] [StatTimer] MiniMap1.Circle is not running.
[13:47:26] [Render thread/WARN] [StatTimer] MiniMap1.Circle is not running.
[13:47:26] [Render thread/WARN] [StatTimer] MiniMap1.Circle is not running.
[13:47:26] [Render thread/WARN] [StatTimer] MiniMap1.Circle is not running.
[13:47:27] [Render thread/WARN] [StatTimer] MiniMap1.Circle is not running.
[13:47:27] [Render thread/WARN] [StatTimer] MiniMap1.Circle is not running.
[13:47:27] [Render thread/WARN] [StatTimer] MiniMap1.Circle is not running.
[13:47:27] [Render thread/WARN] [StatTimer] MiniMap1.Circle is not running.
[13:47:27] [Render thread/WARN] [StatTimer] MiniMap1.Circle is not running.
[13:47:27] [Render thread/WARN] [StatTimer] MiniMap1.Circle is not running.
[13:47:27] [Render thread/WARN] [StatTimer] MiniMap1.Circle is not running.
[13:47:27] [Render thread/WARN] [StatTimer] MiniMap1.Circle is not running.
[13:47:27] [Render thread/WARN] [StatTimer] MiniMap1.Circle is not running.
[13:47:27] [Render thread/WARN] [StatTimer] MiniMap1.Circle is not running.
[13:47:27] [Render thread/WARN] [StatTimer] MiniMap1.Circle is not running.
[13:47:27] [Render thread/WARN] [StatTimer] MiniMap1.Circle is not running.
[13:47:27] [Render thread/WARN] [StatTimer] MiniMap1.Circle is not running.
[13:47:27] [Render thread/WARN] [StatTimer] MiniMap1.Circle is not running.
[13:47:27] [Render thread/WARN] [StatTimer] MiniMap1.Circle is not running.
[13:47:27] [Render thread/WARN] [StatTimer] MiniMap1.Circle is not running.
[13:47:27] [Render thread/WARN] [StatTimer] MiniMap1.Circle is not running.
[13:47:27] [Render thread/WARN] [StatTimer] MiniMap1.Circle is not running.
[13:47:27] [Render thread/WARN] [StatTimer] MiniMap1.Circle is not running.
[13:47:27] [Render thread/WARN] [StatTimer] MiniMap1.Circle is not running.
[13:47:27] [Render thread/WARN] [StatTimer] MiniMap1.Circle is not running.
[13:47:27] [Render thread/WARN] [StatTimer] MiniMap1.Circle is not running.
[13:47:27] [Render thread/WARN] [StatTimer] MiniMap1.Circle is not running.
[13:47:27] [Render thread/WARN] [StatTimer] MiniMap1.Circle is not running.
[13:47:27] [Render thread/WARN] [StatTimer] MiniMap1.Circle is not running.
[13:47:27] [Render thread/WARN] [StatTimer] MiniMap1.Circle is not running.
[13:47:27] [Render thread/WARN] [StatTimer] MiniMap1.Circle is not running.
[13:47:27] [Render thread/WARN] [StatTimer] MiniMap1.Circle is not running.
[13:47:27] [Render thread/WARN] [StatTimer] MiniMap1.Circle is not running.
[13:47:27] [Render thread/WARN] [StatTimer] MiniMap1.Circle is not running.
[13:47:27] [Render thread/WARN] [StatTimer] MiniMap1.Circle is not running.
[13:47:27] [Render thread/WARN] [StatTimer] MiniMap1.Circle is not running.
[13:47:27] [Render thread/WARN] [StatTimer] MiniMap1.Circle is not running.
[13:47:27] [Render thread/WARN] [StatTimer] MiniMap1.Circle is not running.
[13:47:27] [Render thread/WARN] [StatTimer] MiniMap1.Circle is not running.
[13:47:27] [Render thread/WARN] [StatTimer] MiniMap1.Circle is not running.
[13:47:27] [Render thread/WARN] [StatTimer] MiniMap1.Circle is not running.
[13:47:27] [Render thread/WARN] [StatTimer] MiniMap1.Circle is not running.
[13:47:27] [Render thread/WARN] [StatTimer] MiniMap1.Circle is not running.
[13:47:27] [Render thread/WARN] [StatTimer] MiniMap1.Circle is not running.
[13:47:27] [Render thread/WARN] [StatTimer] MiniMap1.Circle is not running.
[13:47:27] [Render thread/WARN] [StatTimer] MiniMap1.Circle is not running.
[13:47:27] [Render thread/WARN] [StatTimer] MiniMap1.Circle is not running.
[13:47:27] [Render thread/WARN] [StatTimer] MiniMap1.Circle is not running.
[13:47:27] [Render thread/WARN] [StatTimer] MiniMap1.Circle is not running.
[13:47:27] [Render thread/WARN] [StatTimer] MiniMap1.Circle is not running.
[13:47:27] [Render thread/WARN] [StatTimer] MiniMap1.Circle is not running.
[13:47:27] [Render thread/WARN] [StatTimer] MiniMap1.Circle is not running.
[13:47:27] [Render thread/WARN] [StatTimer] MiniMap1.Circle is not running.
[13:47:27] [Render thread/WARN] [StatTimer] MiniMap1.Circle is not running.
[13:47:27] [Render thread/WARN] [StatTimer] MiniMap1.Circle is not running.
[13:47:27] [Render thread/WARN] [StatTimer] MiniMap1.Circle is not running.
[13:47:27] [Render thread/WARN] [StatTimer] MiniMap1.Circle is not running.
[13:47:27] [Render thread/WARN] [StatTimer] MiniMap1.Circle is not running.
[13:47:27] [Render thread/WARN] [StatTimer] MiniMap1.Circle is not running.
[13:47:27] [Render thread/WARN] [StatTimer] MiniMap1.Circle is not running.
[13:47:27] [Render thread/WARN] [StatTimer] MiniMap1.Circle is not running.
[13:47:27] [Render thread/WARN] [StatTimer] MiniMap1.Circle is not running.
[13:47:27] [Render thread/WARN] [StatTimer] MiniMap1.Circle is not running.
[13:47:28] [Render thread/WARN] [StatTimer] MiniMap1.Circle is not running.
[13:47:28] [Render thread/WARN] [StatTimer] MiniMap1.Circle is not running.
[13:47:28] [Render thread/WARN] [StatTimer] MiniMap1.Circle is not running.
[13:47:28] [Render thread/WARN] [StatTimer] MiniMap1.Circle is not running.
[13:47:28] [Render thread/WARN] [StatTimer] MiniMap1.Circle is not running.
[13:47:28] [Render thread/WARN] [StatTimer] MiniMap1.Circle is not running.
[13:47:28] [Render thread/WARN] [StatTimer] MiniMap1.Circle is not running.
[13:47:28] [Render thread/WARN] [StatTimer] MiniMap1.Circle is not running.
[13:47:28] [Render thread/WARN] [StatTimer] MiniMap1.Circle is not running.
[13:47:28] [Render thread/WARN] [StatTimer] MiniMap1.Circle is not running.
[13:47:28] [Render thread/WARN] [StatTimer] MiniMap1.Circle is not running.
[13:47:28] [Render thread/WARN] [StatTimer] MiniMap1.Circle is not running.
[13:47:28] [Render thread/WARN] [StatTimer] MiniMap1.Circle is not running.
[13:47:28] [Render thread/WARN] [StatTimer] MiniMap1.Circle is not running.
[13:47:28] [Render thread/WARN] [StatTimer] MiniMap1.Circle is not running.
[13:47:28] [Render thread/WARN] [StatTimer] MiniMap1.Circle is not running.
[13:47:28] [Render thread/WARN] [StatTimer] MiniMap1.Circle is not running.
[13:47:28] [Render thread/WARN] [StatTimer] MiniMap1.Circle is not running.
[13:47:28] [Render thread/WARN] [StatTimer] MiniMap1.Circle is not running.
[13:47:28] [Render thread/WARN] [StatTimer] MiniMap1.Circle is not running.
[13:47:28] [Render thread/WARN] [StatTimer] MiniMap1.Circle is not running.
[13:47:28] [Render thread/WARN] [StatTimer] MiniMap1.Circle is not running.
[13:47:28] [Render thread/WARN] [StatTimer] MiniMap1.Circle is not running.
[13:47:28] [Render thread/WARN] [StatTimer] MiniMap1.Circle is not running.
[13:47:28] [Render thread/WARN] [StatTimer] MiniMap1.Circle is not running.
[13:47:28] [Render thread/WARN] [StatTimer] MiniMap1.Circle is not running.
[13:47:28] [Render thread/WARN] [StatTimer] MiniMap1.Circle is not running.
[13:47:28] [Render thread/WARN] [StatTimer] MiniMap1.Circle is not running.
[13:47:28] [Render thread/WARN] [StatTimer] MiniMap1.Circle is not running.
[13:47:28] [Render thread/WARN] [StatTimer] MiniMap1.Circle is not running.
[13:47:28] [Render thread/WARN] [StatTimer] MiniMap1.Circle is not running.
[13:47:28] [Render thread/WARN] [StatTimer] MiniMap1.Circle is not running.
[13:47:28] [Render thread/WARN] [StatTimer] MiniMap1.Circle is not running.
[13:47:28] [Render thread/WARN] [StatTimer] MiniMap1.Circle is not running.
[13:47:28] [Render thread/WARN] [StatTimer] MiniMap1.Circle is not running.
[13:47:28] [Render thread/WARN] [StatTimer] MiniMap1.Circle is not running.
[13:47:28] [Render thread/WARN] [StatTimer] MiniMap1.Circle is not running.
[13:47:28] [Render thread/WARN] [StatTimer] MiniMap1.Circle is not running.
[13:47:28] [Render thread/WARN] [StatTimer] MiniMap1.Circle is not running.
[13:47:28] [Render thread/WARN] [StatTimer] MiniMap1.Circle is not running.
[13:47:28] [Render thread/WARN] [StatTimer] MiniMap1.Circle is not running.
[13:47:28] [Render thread/WARN] [StatTimer] MiniMap1.Circle is not running.
[13:47:28] [Render thread/WARN] [StatTimer] MiniMap1.Circle is not running.
[13:47:28] [Render thread/WARN] [StatTimer] MiniMap1.Circle is not running.
[13:47:28] [Render thread/WARN] [StatTimer] MiniMap1.Circle is not running.
[13:47:28] [Render thread/WARN] [StatTimer] MiniMap1.Circle is not running.
[13:47:28] [Render thread/WARN] [StatTimer] MiniMap1.Circle is not running.
[13:47:28] [Render thread/WARN] [StatTimer] MiniMap1.Circle is not running.
[13:47:28] [Render thread/WARN] [StatTimer] MiniMap1.Circle is not running.
[13:47:28] [Render thread/WARN] [StatTimer] MiniMap1.Circle is not running.
[13:47:28] [Render thread/WARN] [StatTimer] MiniMap1.Circle is not running.
[13:47:28] [Render thread/WARN] [StatTimer] MiniMap1.Circle is not running.
[13:47:28] [Render thread/WARN] [StatTimer] MiniMap1.Circle is not running.
[13:47:28] [Render thread/WARN] [StatTimer] MiniMap1.Circle is not running.
[13:47:28] [Render thread/WARN] [StatTimer] MiniMap1.Circle is not running.
[13:47:28] [Render thread/WARN] [StatTimer] MiniMap1.Circle is not running.
[13:47:28] [Render thread/WARN] [StatTimer] MiniMap1.Circle is not running.
[13:47:28] [Render thread/WARN] [StatTimer] MiniMap1.Circle is not running.
[13:47:28] [Render thread/WARN] [StatTimer] MiniMap1.Circle is not running.
[13:47:28] [Render thread/WARN] [StatTimer] MiniMap1.Circle is not running.
[13:47:29] [Render thread/WARN] [StatTimer] MiniMap1.Circle is not running.
[13:47:29] [Render thread/WARN] [StatTimer] MiniMap1.Circle is not running.
[13:47:29] [Render thread/WARN] [StatTimer] MiniMap1.Circle is not running.
[13:47:29] [Render thread/WARN] [StatTimer] MiniMap1.Circle is not running.
[13:47:29] [Render thread/WARN] [StatTimer] MiniMap1.Circle is not running.
[13:47:29] [Render thread/WARN] [StatTimer] MiniMap1.Circle is not running.
[13:47:29] [Render thread/WARN] [StatTimer] MiniMap1.Circle is not running.
[13:47:29] [Render thread/WARN] [StatTimer] MiniMap1.Circle is not running.
[13:47:29] [Render thread/WARN] [StatTimer] MiniMap1.Circle is not running.
[13:47:29] [Render thread/WARN] [StatTimer] MiniMap1.Circle is not running.
[13:47:29] [Render thread/WARN] [StatTimer] MiniMap1.Circle is not running.
[13:47:29] [Render thread/WARN] [StatTimer] MiniMap1.Circle is not running.
[13:47:29] [Render thread/WARN] [StatTimer] MiniMap1.Circle is not running.
[13:47:29] [Render thread/WARN] [StatTimer] MiniMap1.Circle is not running.
[13:47:29] [Render thread/WARN] [StatTimer] MiniMap1.Circle is not running.
[13:47:29] [Render thread/WARN] [StatTimer] MiniMap1.Circle is not running.
[13:47:29] [Render thread/WARN] [StatTimer] MiniMap1.Circle is not running.
[13:47:29] [Render thread/WARN] [StatTimer] MiniMap1.Circle is not running.
[13:47:29] [Render thread/WARN] [StatTimer] MiniMap1.Circle is not running.
[13:47:29] [Render thread/WARN] [StatTimer] MiniMap1.Circle is not running.
[13:47:29] [Render thread/WARN] [StatTimer] MiniMap1.Circle is not running.
[13:47:29] [Render thread/WARN] [StatTimer] MiniMap1.Circle is not running.
[13:47:29] [Render thread/WARN] [StatTimer] MiniMap1.Circle is not running.
[13:47:29] [Render thread/WARN] [StatTimer] MiniMap1.Circle is not running.
[13:47:29] [Render thread/WARN] [StatTimer] MiniMap1.Circle is not running.
[13:47:29] [Render thread/WARN] [StatTimer] MiniMap1.Circle is not running.
[13:47:29] [Render thread/WARN] [StatTimer] MiniMap1.Circle is not running.
[13:47:29] [Render thread/WARN] [StatTimer] MiniMap1.Circle is not running.
[13:47:29] [Render thread/WARN] [StatTimer] MiniMap1.Circle is not running.
[13:47:29] [Render thread/WARN] [StatTimer] MiniMap1.Circle is not running.
[13:47:29] [Render thread/WARN] [StatTimer] MiniMap1.Circle is not running.
[13:47:29] [Render thread/WARN] [StatTimer] MiniMap1.Circle is not running.
[13:47:29] [Render thread/WARN] [StatTimer] MiniMap1.Circle is not running.
[13:47:29] [Render thread/WARN] [StatTimer] MiniMap1.Circle is not running.
[13:47:29] [Render thread/WARN] [StatTimer] MiniMap1.Circle is not running.
[13:47:29] [Render thread/WARN] [StatTimer] MiniMap1.Circle is not running.
[13:47:29] [Render thread/WARN] [StatTimer] MiniMap1.Circle is not running.
[13:47:29] [Render thread/WARN] [StatTimer] MiniMap1.Circle is not running.
[13:47:29] [Render thread/WARN] [StatTimer] MiniMap1.Circle is not running.
[13:47:29] [Render thread/WARN] [StatTimer] MiniMap1.Circle is not running.
[13:47:29] [Render thread/WARN] [StatTimer] MiniMap1.Circle is not running.
[13:47:29] [Render thread/WARN] [StatTimer] MiniMap1.Circle is not running.
[13:47:29] [Render thread/WARN] [StatTimer] MiniMap1.Circle is not running.
[13:47:29] [Render thread/WARN] [StatTimer] MiniMap1.Circle is not running.
[13:47:29] [Render thread/WARN] [StatTimer] MiniMap1.Circle is not running.
[13:47:29] [Render thread/WARN] [StatTimer] MiniMap1.Circle is not running.
[13:47:29] [Render thread/WARN] [StatTimer] MiniMap1.Circle is not running.
[13:47:29] [Render thread/WARN] [StatTimer] MiniMap1.Circle is not running.
[13:47:29] [Render thread/WARN] [StatTimer] MiniMap1.Circle is not running.
[13:47:29] [Render thread/WARN] [StatTimer] MiniMap1.Circle is not running.
[13:47:29] [Render thread/WARN] [StatTimer] MiniMap1.Circle is not running.
[13:47:29] [Render thread/WARN] [StatTimer] MiniMap1.Circle is not running.
[13:47:29] [Render thread/WARN] [StatTimer] MiniMap1.Circle is not running.
[13:47:29] [Render thread/WARN] [StatTimer] MiniMap1.Circle is not running.
[13:47:29] [Render thread/WARN] [StatTimer] MiniMap1.Circle is not running.
[13:47:29] [Render thread/WARN] [StatTimer] MiniMap1.Circle is not running.
[13:47:29] [Render thread/WARN] [StatTimer] MiniMap1.Circle is not running.
[13:47:29] [Render thread/WARN] [StatTimer] MiniMap1.Circle is not running.
[13:47:29] [Render thread/WARN] [StatTimer] MiniMap1.Circle is not running.
[13:47:29] [Render thread/WARN] [StatTimer] MiniMap1.Circle is not running.
[13:47:30] [Render thread/WARN] [StatTimer] MiniMap1.Circle is not running.
[13:47:30] [Render thread/WARN] [StatTimer] MiniMap1.Circle is not running.
[13:47:30] [Render thread/WARN] [StatTimer] MiniMap1.Circle is not running.
[13:47:30] [Render thread/WARN] [StatTimer] MiniMap1.Circle is not running.
[13:47:30] [Render thread/WARN] [StatTimer] MiniMap1.Circle is not running.
[13:47:30] [Render thread/WARN] [StatTimer] MiniMap1.Circle is not running.
[13:47:30] [Render thread/WARN] [StatTimer] MiniMap1.Circle is not running.
[13:47:30] [Render thread/WARN] [StatTimer] MiniMap1.Circle is not running.
[13:47:30] [Render thread/WARN] [StatTimer] MiniMap1.Circle is not running.
[13:47:30] [Render thread/WARN] [StatTimer] MiniMap1.Circle is not running.
[13:47:30] [Render thread/WARN] [StatTimer] MiniMap1.Circle is not running.
[13:47:30] [Render thread/WARN] [StatTimer] MiniMap1.Circle is not running.
[13:47:30] [Render thread/WARN] [StatTimer] MiniMap1.Circle is not running.
[13:47:30] [Render thread/WARN] [StatTimer] MiniMap1.Circle is not running.
[13:47:30] [Render thread/WARN] [StatTimer] MiniMap1.Circle is not running.
[13:47:30] [Render thread/WARN] [StatTimer] MiniMap1.Circle is not running.
[13:47:30] [Render thread/WARN] [StatTimer] MiniMap1.Circle is not running.
[13:47:30] [Render thread/WARN] [StatTimer] MiniMap1.Circle is not running.
[13:47:30] [Render thread/WARN] [StatTimer] MiniMap1.Circle is not running.
[13:47:30] [Render thread/WARN] [StatTimer] MiniMap1.Circle is not running.
[13:47:30] [Render thread/WARN] [StatTimer] MiniMap1.Circle is not running.
[13:47:30] [Render thread/WARN] [StatTimer] MiniMap1.Circle is not running.
[13:47:30] [Render thread/WARN] [StatTimer] MiniMap1.Circle is not running.
[13:47:30] [Render thread/WARN] [StatTimer] MiniMap1.Circle is not running.
[13:47:30] [Render thread/WARN] [StatTimer] MiniMap1.Circle is not running.
[13:47:30] [Render thread/WARN] [StatTimer] MiniMap1.Circle is not running.
[13:47:30] [Render thread/WARN] [StatTimer] MiniMap1.Circle is not running.
[13:47:30] [Render thread/WARN] [StatTimer] MiniMap1.Circle is not running.
[13:47:30] [Render thread/WARN] [StatTimer] MiniMap1.Circle is not running.
[13:47:30] [Render thread/WARN] [StatTimer] MiniMap1.Circle is not running.
[13:47:30] [Render thread/WARN] [StatTimer] MiniMap1.Circle is not running.
[13:47:30] [Render thread/WARN] [StatTimer] MiniMap1.Circle is not running.
[13:47:30] [Render thread/WARN] [StatTimer] MiniMap1.Circle is not running.
[13:47:30] [Render thread/WARN] [StatTimer] MiniMap1.Circle is not running.
[13:47:30] [Render thread/WARN] [StatTimer] MiniMap1.Circle is not running.
[13:47:30] [Render thread/WARN] [StatTimer] MiniMap1.Circle is not running.
[13:47:30] [Render thread/WARN] [StatTimer] MiniMap1.Circle is not running.
[13:47:30] [Render thread/WARN] [StatTimer] MiniMap1.Circle is not running.
[13:47:30] [Render thread/WARN] [StatTimer] MiniMap1.Circle is not running.
[13:47:30] [Render thread/WARN] [StatTimer] MiniMap1.Circle is not running.
[13:47:30] [Render thread/WARN] [StatTimer] MiniMap1.Circle is not running.
[13:47:30] [Render thread/WARN] [StatTimer] MiniMap1.Circle is not running.
[13:47:30] [Render thread/WARN] [StatTimer] MiniMap1.Circle is not running.
[13:47:30] [Render thread/WARN] [StatTimer] MiniMap1.Circle is not running.
[13:47:30] [Render thread/WARN] [StatTimer] MiniMap1.Circle is not running.
[13:47:30] [Render thread/WARN] [StatTimer] MiniMap1.Circle is not running.
[13:47:30] [Render thread/WARN] [StatTimer] MiniMap1.Circle is not running.
[13:47:30] [Render thread/WARN] [StatTimer] MiniMap1.Circle is not running.
[13:47:30] [Render thread/WARN] [StatTimer] MiniMap1.Circle is not running.
[13:47:30] [Render thread/WARN] [StatTimer] MiniMap1.Circle is not running.
[13:47:30] [Render thread/WARN] [StatTimer] MiniMap1.Circle is not running.
[13:47:30] [Render thread/INFO] [InternalStateHandler] Connection initiated with Journeymap Server: true
[13:47:30] [Render thread/INFO] [InternalStateHandler] Teleport Enabled: false
[13:47:30] [Render thread/INFO] [InternalStateHandler] Expanded Radar Enabled: true
[13:47:30] [Render thread/INFO] [InternalStateHandler] Server Admin Enabled: false
[13:47:30] [Render thread/INFO] [InternalStateHandler] Server set show in-game beacons: true
[13:47:30] [Render thread/INFO] [InternalStateHandler] Server set waypoints allowed: true
[13:47:30] [Render thread/INFO] [InternalStateHandler] Server set Server Admin read only mode: true
[13:47:30] [Render thread/INFO] [InternalStateHandler] Server set maxSurfaceRenderDistance to: 0
[13:47:30] [Render thread/INFO] [InternalStateHandler] Server setmaxCaveRenderDistance to: 0
[13:47:30] [Render thread/INFO] [InternalStateHandler] Server set allow mutliplayer options: true
[13:47:30] [Render thread/INFO] [InternalStateHandler] Server set allow rightClickTeleport options: true
[13:47:30] [Render thread/INFO] [InternalStateHandler] Server set allow radarLateralDistance options: 512
[13:47:30] [Render thread/INFO] [InternalStateHandler] Server set allow radarVerticalDistance options: 320
[13:47:30] [Render thread/INFO] [InternalStateHandler] Server set allow maxAnimalsData options: 128
[13:47:30] [Render thread/INFO] [InternalStateHandler] Server set allow maxAmbientCreaturesData options: 128
[13:47:30] [Render thread/INFO] [InternalStateHandler] Server set allow maxMobsData options: 128
[13:47:30] [Render thread/INFO] [InternalStateHandler] Server set allow maxPlayersData options: 128
[13:47:30] [Render thread/INFO] [InternalStateHandler] Server set allow maxVillagersData options: 128
[13:47:30] [Render thread/INFO] [InternalStateHandler] Server set allow playerRadarNamesEnabled options: true
[13:47:30] [Render thread/INFO] [InternalStateHandler] Server set allow minimapEnabled options: true
[13:47:30] [Render thread/INFO] [InternalStateHandler] Server set allow hideCoordinates options: false
[13:47:36] [Server thread/INFO] [JourneyMapTeleport] HoneyBadger75315 teleported to -60.5 74.0 -897.5 minecraft:overworld
[14:08:48] [Server thread/INFO] [JourneyMapTeleport] HoneyBadger75315 teleported to 586.5 84.0 -450.5 minecraft:overworld
[14:09:14] [Render thread/INFO] [TextureCache] [JourneyMap]: Purging Theme Images
[14:09:14] [Render thread/INFO] [TextureCache] [JourneyMap]: Purging Region Images
[14:09:16] [Render thread/INFO] [TextureCache] [JourneyMap]: Purging Mob Icon Images
[14:09:16] [Render thread/INFO] [WaypointHandler] Resetting Waypoints and Groups.
[14:09:16] [Render thread/INFO] [WaypointStore] Loaded 0 waypoints from disk.
[14:09:16] [Render thread/INFO] [WaypointGroupStore] Loaded 4 waypoint groups from disk.
[14:09:16] [Render thread/INFO] [JourneymapClient] Mapping halted in C:\Users\Ben\curseforge\minecraft\Instances\A\journeymap\data\mp\offline\minecraft:overworld
[14:09:19] [Render thread/INFO] [TextureCache] [JourneyMap]: Purging Theme Images
[14:09:19] [Render thread/INFO] [TextureCache] [JourneyMap]: Purging Region Images
[14:09:19] [Render thread/INFO] [TextureCache] [JourneyMap]: Purging Mob Icon Images
[14:09:19] [Render thread/INFO] [WaypointHandler] Resetting Waypoints and Groups.
[14:09:19] [Render thread/INFO] [WaypointStore] Loaded 0 waypoints from disk.
[14:09:19] [Render thread/INFO] [WaypointGroupStore] Loaded 4 waypoint groups from disk.
