[22:46:51] [main/INFO]: ModLauncher running: args [--username, HoneyBadger75315, --version, forge-61.0.2, --gameDir, C:\Users\Ben\curseforge\minecraft\Instances\A, --assetsDir, C:\Users\Ben\curseforge\minecraft\Install\assets, --assetIndex, 29, --uuid, ea9eef6ac6cf4741ad2f9dfd69d5a241, --accessToken, **********, --clientId, cb552f-6c9f85-e81f1e-802cdd-220feb, --xuid, 2535448093732349, --versionType, release, --width, 2048, --height, 1152, --quickPlayPath, C:\Users\Ben\curseforge\minecraft\Quickplay\2eb8695d-8332-41ee-9c6b-ba6636d4378f.json, , , , --launchTarget, forge_client]
[22:46:51] [main/INFO]: JVM identified as Eclipse Adoptium OpenJDK 64-Bit Server VM 21.0.9+10-LTS
[22:46:51] [main/INFO]: ModLauncher 10.2.4 starting: java version 21.0.9 by Eclipse Adoptium; OS Windows 11 arch amd64 version 10.0
[22:46:52] [main/INFO]: Loading ImmediateWindowProvider fmlearlywindow
[22:46:52] [main/INFO]: Trying GL version 4.6
[22:46:52] [main/INFO]: Requested GL version 4.6 got version 4.6
[22:46:52] [main/INFO]: SpongePowered MIXIN Subsystem Version=0.8.7 Source=jar:file:///C:/Users/Ben/curseforge/minecraft/Install/libraries/org/spongepowered/mixin/0.8.7/mixin-0.8.7.jar!/ Service=ModLauncher Env=CLIENT
[22:46:52] [EarlyDisplay/INFO]: GL info: AMD Radeon RX 7900 XT GL version 4.6.0 Core Profile Context 25.12.1.251128, ATI Technologies Inc.
[22:46:52] [main/INFO]: Found mod file balm-forge-1.21.11-21.11.3-all.jar of type MOD with provider {mods folder locator at C:\Users\Ben\curseforge\minecraft\Instances\A\mods}
[22:46:52] [main/INFO]: Found mod file BiomesOPlenty-forge-1.21.11-21.11.0.6.jar of type MOD with provider {mods folder locator at C:\Users\Ben\curseforge\minecraft\Instances\A\mods}
[22:46:52] [main/INFO]: Found mod file breadvariants-forge-1.21.6-1.0.4b.jar of type MOD with provider {mods folder locator at C:\Users\Ben\curseforge\minecraft\Instances\A\mods}
[22:46:52] [main/INFO]: Found mod file catalogue-forge-1.21.11-1.12.3.jar of type MOD with provider {mods folder locator at C:\Users\Ben\curseforge\minecraft\Instances\A\mods}
[22:46:52] [main/INFO]: Found mod file collective-1.21.11-8.13.jar of type MOD with provider {mods folder locator at C:\Users\Ben\curseforge\minecraft\Instances\A\mods}
[22:46:52] [main/INFO]: Found mod file common-networking-forge-1.0.22-1.21.11.jar of type MOD with provider {mods folder locator at C:\Users\Ben\curseforge\minecraft\Instances\A\mods}
[22:46:52] [main/INFO]: Found mod file Controlling-forge-1.21.11-29.0.1.jar of type MOD with provider {mods folder locator at C:\Users\Ben\curseforge\minecraft\Instances\A\mods}
[22:46:52] [main/INFO]: Found mod file despawningeggshatch-1.21.11-4.5.jar of type MOD with provider {mods folder locator at C:\Users\Ben\curseforge\minecraft\Instances\A\mods}
[22:46:52] [main/INFO]: Found mod file DnT-nether-fortress-overhaul-v3.1 [Forge].jar of type MOD with provider {mods folder locator at C:\Users\Ben\curseforge\minecraft\Instances\A\mods}
[22:46:52] [main/INFO]: Found mod file EuphoriaPatcher-1.7.8-r5.6.1-forge.jar of type MOD with provider {mods folder locator at C:\Users\Ben\curseforge\minecraft\Instances\A\mods}
[22:46:52] [main/INFO]: Found mod file followersteleporttoo-1.21.11-2.7.jar of type MOD with provider {mods folder locator at C:\Users\Ben\curseforge\minecraft\Instances\A\mods}
[22:46:52] [main/INFO]: Found mod file formations-1.0.4-forge-mc1.21.11.jar of type MOD with provider {mods folder locator at C:\Users\Ben\curseforge\minecraft\Instances\A\mods}
[22:46:52] [main/INFO]: Found mod file furnacerecycle-1.21.11-2.6.jar of type MOD with provider {mods folder locator at C:\Users\Ben\curseforge\minecraft\Instances\A\mods}
[22:46:52] [main/INFO]: Found mod file GlitchCore-forge-1.21.11-21.11.0.2.jar of type MOD with provider {mods folder locator at C:\Users\Ben\curseforge\minecraft\Instances\A\mods}
[22:46:52] [main/INFO]: Found mod file improved-village-placement-1.1.2.jar of type MOD with provider {mods folder locator at C:\Users\Ben\curseforge\minecraft\Instances\A\mods}
[22:46:52] [main/INFO]: Found mod file jacaranda-replacer-1.0.0.jar of type MOD with provider {mods folder locator at C:\Users\Ben\curseforge\minecraft\Instances\A\mods}
[22:46:52] [main/INFO]: Found mod file journeymap-forge-1.21.11-6.0.0-beta.53.jar of type MOD with provider {mods folder locator at C:\Users\Ben\curseforge\minecraft\Instances\A\mods}
[22:46:52] [main/INFO]: Found mod file mobhealthbar-forge-1.21.11-2.3.2.jar of type MOD with provider {mods folder locator at C:\Users\Ben\curseforge\minecraft\Instances\A\mods}
[22:46:52] [main/INFO]: Found mod file MouseTweaks-forge-mc1.21.11-2.30.jar of type MOD with provider {mods folder locator at C:\Users\Ben\curseforge\minecraft\Instances\A\mods}
[22:46:52] [main/INFO]: Found mod file ore-vein-miner-1.0 (1.21.11).jar of type MOD with provider {mods folder locator at C:\Users\Ben\curseforge\minecraft\Instances\A\mods}
[22:46:52] [main/INFO]: Found mod file realisticbees-1.21.11-4.3.jar of type MOD with provider {mods folder locator at C:\Users\Ben\curseforge\minecraft\Instances\A\mods}
[22:46:52] [main/INFO]: Found mod file replantingcrops-1.21.11-5.5.jar of type MOD with provider {mods folder locator at C:\Users\Ben\curseforge\minecraft\Instances\A\mods}
[22:46:52] [main/INFO]: Found mod file Searchables-forge-1.21.11-1.0.2.jar of type MOD with provider {mods folder locator at C:\Users\Ben\curseforge\minecraft\Instances\A\mods}
[22:46:52] [main/INFO]: Found mod file sound-physics-remastered-forge-1.21.11-1.5.1.jar of type MOD with provider {mods folder locator at C:\Users\Ben\curseforge\minecraft\Instances\A\mods}
[22:46:52] [main/INFO]: Found mod file starterkit-1.21.11-7.6.jar of type MOD with provider {mods folder locator at C:\Users\Ben\curseforge\minecraft\Instances\A\mods}
[22:46:52] [main/INFO]: Found mod file TerraBlender-forge-1.21.11-21.11.0.0.jar of type MOD with provider {mods folder locator at C:\Users\Ben\curseforge\minecraft\Instances\A\mods}
[22:46:52] [main/INFO]: Found mod file Terralith_1.21.x_v2.5.14.jar of type MOD with provider {mods folder locator at C:\Users\Ben\curseforge\minecraft\Instances\A\mods}
[22:46:52] [main/INFO]: Found mod file trade-cycling-forge-1.21.11-1.0.19.jar of type MOD with provider {mods folder locator at C:\Users\Ben\curseforge\minecraft\Instances\A\mods}
[22:46:52] [main/INFO]: Found mod file tree-vein-miner-1.1 (1.21.11).jar of type MOD with provider {mods folder locator at C:\Users\Ben\curseforge\minecraft\Instances\A\mods}
[22:46:52] [main/INFO]: Found mod file treeharvester-1.21.11-9.3.jar of type MOD with provider {mods folder locator at C:\Users\Ben\curseforge\minecraft\Instances\A\mods}
[22:46:52] [main/INFO]: Found mod file UniLib-1.2.0+1.21.11-forge.jar of type MOD with provider {mods folder locator at C:\Users\Ben\curseforge\minecraft\Instances\A\mods}
[22:46:52] [main/INFO]: Found mod file villagernames-1.21.11-8.3.jar of type MOD with provider {mods folder locator at C:\Users\Ben\curseforge\minecraft\Instances\A\mods}
[22:46:52] [main/INFO]: Found mod file forge-1.21.11-61.0.2-client.jar of type MOD with provider net.minecraftforge.fml.loading.moddiscovery.MinecraftLocator@328572f0
[22:46:52] [main/INFO]: Found mod file javafmllanguage-1.21.11-61.0.2.jar of type LANGPROVIDER with provider net.minecraftforge.fml.loading.moddiscovery.ClasspathLocator@189b5fb1
[22:46:52] [main/INFO]: Found mod file lowcodelanguage-1.21.11-61.0.2.jar of type LANGPROVIDER with provider net.minecraftforge.fml.loading.moddiscovery.ClasspathLocator@189b5fb1
[22:46:52] [main/INFO]: Found mod file mclanguage-1.21.11-61.0.2.jar of type LANGPROVIDER with provider net.minecraftforge.fml.loading.moddiscovery.ClasspathLocator@189b5fb1
[22:46:52] [main/INFO]: Found mod file fmlcore-1.21.11-61.0.2.jar of type LIBRARY with provider net.minecraftforge.fml.loading.moddiscovery.ClasspathLocator@189b5fb1
[22:46:52] [main/INFO]: Found mod file forge-1.21.11-61.0.2-universal.jar of type MOD with provider net.minecraftforge.fml.loading.moddiscovery.ClasspathLocator@189b5fb1
[22:46:52] [main/WARN]: Attempted to select a dependency jar for JarJar which was passed in as source: commonnetworking. Using common-networking-forge-1.0.22-1.21.11.jar
[22:46:52] [main/INFO]: Closeing unselected FileSystem journeymap-forge-1.21.11-6.0.0-beta.53.jar!/META-INF/jarjar/common-networking-forge-1.0.22-1.21.11.jar
[22:46:52] [main/INFO]: Found 5 dependencies adding them to mods collection
[22:46:52] [main/INFO]: Found mod file /MixinExtras-0.5.0.jar of type GAMELIBRARY with provider net.minecraftforge.fml.loading.moddiscovery.JarInJarDependencyLocator@4c27d39d
[22:46:52] [main/INFO]: Found mod file /pngj-2.1.0.jar of type GAMELIBRARY with provider net.minecraftforge.fml.loading.moddiscovery.JarInJarDependencyLocator@4c27d39d
[22:46:52] [main/INFO]: Found mod file mixinextras-forge-0.5.0.jar of type GAMELIBRARY with provider net.minecraftforge.fml.loading.moddiscovery.JarInJarDependencyLocator@4c27d39d
[22:46:52] [main/INFO]: Found mod file /journeymap-api-forge-2.0.0-1.21.11-SNAPSHOT.jar of type MOD with provider net.minecraftforge.fml.loading.moddiscovery.JarInJarDependencyLocator@4c27d39d
[22:46:52] [main/INFO]: Found mod file /kuma-api-forge-21.11.9.jar of type MOD with provider net.minecraftforge.fml.loading.moddiscovery.JarInJarDependencyLocator@4c27d39d
